Using base prefix '/cvmfs/soft.computecanada.ca/easybuild/software/2017/Core/python/3.6.3'
New python executable in /localscratch/shiva23.22735172.0/env/bin/python
Installing setuptools, pip, wheel...done.
Ignoring pip: markers 'python_version < "3"' don't match your environment
Collecting torch
Collecting torchvision
Collecting numpy
Collecting pandas
Collecting six (from torchvision)
Collecting pillow>=4.1.1 (from torchvision)
Collecting python-dateutil>=2.6.1 (from pandas)
Collecting pytz>=2017.2 (from pandas)
Installing collected packages: numpy, torch, six, pillow, torchvision, python-dateutil, pytz, pandas
Successfully installed numpy-1.17.4 pandas-0.25.3 pillow-6.2.1 python-dateutil-2.8.1 pytz-2019.3 six-1.13.0 torch-1.3.1 torchvision-0.4.0
building network of steps: 
[1, 2, 3, 4, 5] 15
 ********************** Block 1  **********************
|		inScales 3 outScales 3 inChannels 16 outChannels 6		|

 ********************** Block 2  **********************
|		inScales 3 outScales 3 inChannels 22 outChannels 6		|

|		inScales 3 outScales 3 inChannels 28 outChannels 6		|

 ********************** Block 3  **********************
|		inScales 3 outScales 3 inChannels 34 outChannels 6		|

|		inScales 3 outScales 3 inChannels 40 outChannels 6		|

|		inScales 3 outScales 2 inChannels 46 outChannels 6		|
|		Transition layer inserted! (max), inChannels 52, outChannels 26	|

 ********************** Block 4  **********************
|		inScales 2 outScales 2 inChannels 26 outChannels 6		|

|		inScales 2 outScales 2 inChannels 32 outChannels 6		|

|		inScales 2 outScales 2 inChannels 38 outChannels 6		|

|		inScales 2 outScales 2 inChannels 44 outChannels 6		|

 ********************** Block 5  **********************
|		inScales 2 outScales 1 inChannels 50 outChannels 6		|
|		Transition layer inserted! (max), inChannels 56, outChannels 28	|

|		inScales 1 outScales 1 inChannels 28 outChannels 6		|

|		inScales 1 outScales 1 inChannels 34 outChannels 6		|

|		inScales 1 outScales 1 inChannels 40 outChannels 6		|

|		inScales 1 outScales 1 inChannels 46 outChannels 6		|

---------------------
FLOPs: 6.85M, Params: 0.29M
---------------------
FLOPs: 14.33M, Params: 0.63M
---------------------
FLOPs: 27.50M, Params: 0.98M
---------------------
FLOPs: 41.67M, Params: 1.45M
---------------------
FLOPs: 58.42M, Params: 2.02M
building network of steps: 
[1, 2, 3, 4, 5] 15
 ********************** Block 1  **********************
|		inScales 3 outScales 3 inChannels 16 outChannels 6		|

 ********************** Block 2  **********************
|		inScales 3 outScales 3 inChannels 22 outChannels 6		|

|		inScales 3 outScales 3 inChannels 28 outChannels 6		|

 ********************** Block 3  **********************
|		inScales 3 outScales 3 inChannels 34 outChannels 6		|

|		inScales 3 outScales 3 inChannels 40 outChannels 6		|

|		inScales 3 outScales 2 inChannels 46 outChannels 6		|
|		Transition layer inserted! (max), inChannels 52, outChannels 26	|

 ********************** Block 4  **********************
|		inScales 2 outScales 2 inChannels 26 outChannels 6		|

|		inScales 2 outScales 2 inChannels 32 outChannels 6		|

|		inScales 2 outScales 2 inChannels 38 outChannels 6		|

|		inScales 2 outScales 2 inChannels 44 outChannels 6		|

 ********************** Block 5  **********************
|		inScales 2 outScales 1 inChannels 50 outChannels 6		|
|		Transition layer inserted! (max), inChannels 56, outChannels 28	|

|		inScales 1 outScales 1 inChannels 28 outChannels 6		|

|		inScales 1 outScales 1 inChannels 34 outChannels 6		|

|		inScales 1 outScales 1 inChannels 40 outChannels 6		|

|		inScales 1 outScales 1 inChannels 46 outChannels 6		|

Files already downloaded and verified
Files already downloaded and verified
!!!!!! Load train_set_index !!!!!!
 exit 0 prec@1 48.100 
 exit 0 prec@1 conf correct 0.602 prec@1 conf wrong 0.434
 exit 1 prec@1 50.840 
 exit 1 prec@1 conf correct 0.608 prec@1 conf wrong 0.427
 exit 2 prec@1 52.580 
 exit 2 prec@1 conf correct 0.610 prec@1 conf wrong 0.429
 exit 3 prec@1 52.500 
 exit 3 prec@1 conf correct 0.619 prec@1 conf wrong 0.431
 exit 4 prec@1 50.480 
 exit 4 prec@1 conf correct 0.634 prec@1 conf wrong 0.446
Best var_prec1 50.47999994506836
Namespace(arch='msdnet', base=1, batch_size=256, bnFactor=[1, 2, 4], bottleneck=True, data='cifar10', data_root='data', decay_rate=0.1, epochs=25, evalmode=None, evaluate_from=None, gpu=None, grFactor=[1, 2, 4], growthRate=6, lr=0.1, lr_type='multistep', momentum=0.9, nBlocks=5, nChannels=16, nScales=3, num_classes=10, optimizer='sgd', print_freq=10, prune='max', reduction=0.5, resume=False, save='.', seed=0, splits=['train', 'val', 'test'], start_epoch=0, step=1, stepmode='lin_grow', use_valid=True, weight_decay=0.0001, workers=16)
=> saving checkpoint './save_models/checkpoint_000.pth.tar'
=> saved checkpoint './save_models/checkpoint_000.pth.tar'
Epoch : 0  of  25 

 exit 0 prec@1 55.480 
 exit 0 prec@1 conf correct 0.695 prec@1 conf wrong 0.484
 exit 1 prec@1 59.660 
 exit 1 prec@1 conf correct 0.722 prec@1 conf wrong 0.490
 exit 2 prec@1 60.420 
 exit 2 prec@1 conf correct 0.721 prec@1 conf wrong 0.478
 exit 3 prec@1 61.240 
 exit 3 prec@1 conf correct 0.723 prec@1 conf wrong 0.482
 exit 4 prec@1 58.580 
 exit 4 prec@1 conf correct 0.735 prec@1 conf wrong 0.501
Best var_prec1 58.57999998779297
Namespace(arch='msdnet', base=1, batch_size=256, bnFactor=[1, 2, 4], bottleneck=True, data='cifar10', data_root='data', decay_rate=0.1, epochs=25, evalmode=None, evaluate_from=None, gpu=None, grFactor=[1, 2, 4], growthRate=6, lr=0.1, lr_type='multistep', momentum=0.9, nBlocks=5, nChannels=16, nScales=3, num_classes=10, optimizer='sgd', print_freq=10, prune='max', reduction=0.5, resume=False, save='.', seed=0, splits=['train', 'val', 'test'], start_epoch=0, step=1, stepmode='lin_grow', use_valid=True, weight_decay=0.0001, workers=16)
=> saving checkpoint './save_models/checkpoint_001.pth.tar'
=> saved checkpoint './save_models/checkpoint_001.pth.tar'
Epoch : 1  of  25 

 exit 0 prec@1 63.040 
 exit 0 prec@1 conf correct 0.732 prec@1 conf wrong 0.491
 exit 1 prec@1 64.940 
 exit 1 prec@1 conf correct 0.755 prec@1 conf wrong 0.491
 exit 2 prec@1 66.540 
 exit 2 prec@1 conf correct 0.782 prec@1 conf wrong 0.502
 exit 3 prec@1 67.940 
 exit 3 prec@1 conf correct 0.798 prec@1 conf wrong 0.516
 exit 4 prec@1 66.980 
 exit 4 prec@1 conf correct 0.803 prec@1 conf wrong 0.515
Best var_prec1 66.98000006103516
Namespace(arch='msdnet', base=1, batch_size=256, bnFactor=[1, 2, 4], bottleneck=True, data='cifar10', data_root='data', decay_rate=0.1, epochs=25, evalmode=None, evaluate_from=None, gpu=None, grFactor=[1, 2, 4], growthRate=6, lr=0.1, lr_type='multistep', momentum=0.9, nBlocks=5, nChannels=16, nScales=3, num_classes=10, optimizer='sgd', print_freq=10, prune='max', reduction=0.5, resume=False, save='.', seed=0, splits=['train', 'val', 'test'], start_epoch=0, step=1, stepmode='lin_grow', use_valid=True, weight_decay=0.0001, workers=16)
=> saving checkpoint './save_models/checkpoint_002.pth.tar'
=> saved checkpoint './save_models/checkpoint_002.pth.tar'
Epoch : 2  of  25 

 exit 0 prec@1 60.540 
 exit 0 prec@1 conf correct 0.739 prec@1 conf wrong 0.499
 exit 1 prec@1 59.660 
 exit 1 prec@1 conf correct 0.778 prec@1 conf wrong 0.536
 exit 2 prec@1 65.040 
 exit 2 prec@1 conf correct 0.804 prec@1 conf wrong 0.542
 exit 3 prec@1 67.140 
 exit 3 prec@1 conf correct 0.818 prec@1 conf wrong 0.541
 exit 4 prec@1 68.100 
 exit 4 prec@1 conf correct 0.817 prec@1 conf wrong 0.545
Best var_prec1 68.09999997558593
Namespace(arch='msdnet', base=1, batch_size=256, bnFactor=[1, 2, 4], bottleneck=True, data='cifar10', data_root='data', decay_rate=0.1, epochs=25, evalmode=None, evaluate_from=None, gpu=None, grFactor=[1, 2, 4], growthRate=6, lr=0.1, lr_type='multistep', momentum=0.9, nBlocks=5, nChannels=16, nScales=3, num_classes=10, optimizer='sgd', print_freq=10, prune='max', reduction=0.5, resume=False, save='.', seed=0, splits=['train', 'val', 'test'], start_epoch=0, step=1, stepmode='lin_grow', use_valid=True, weight_decay=0.0001, workers=16)
=> saving checkpoint './save_models/checkpoint_003.pth.tar'
=> saved checkpoint './save_models/checkpoint_003.pth.tar'
Epoch : 3  of  25 

 exit 0 prec@1 67.880 
 exit 0 prec@1 conf correct 0.751 prec@1 conf wrong 0.493
 exit 1 prec@1 71.460 
 exit 1 prec@1 conf correct 0.795 prec@1 conf wrong 0.517
 exit 2 prec@1 74.340 
 exit 2 prec@1 conf correct 0.808 prec@1 conf wrong 0.520
 exit 3 prec@1 76.500 
 exit 3 prec@1 conf correct 0.825 prec@1 conf wrong 0.516
 exit 4 prec@1 76.000 
 exit 4 prec@1 conf correct 0.827 prec@1 conf wrong 0.529
Best var_prec1 76.00000001220702
Namespace(arch='msdnet', base=1, batch_size=256, bnFactor=[1, 2, 4], bottleneck=True, data='cifar10', data_root='data', decay_rate=0.1, epochs=25, evalmode=None, evaluate_from=None, gpu=None, grFactor=[1, 2, 4], growthRate=6, lr=0.1, lr_type='multistep', momentum=0.9, nBlocks=5, nChannels=16, nScales=3, num_classes=10, optimizer='sgd', print_freq=10, prune='max', reduction=0.5, resume=False, save='.', seed=0, splits=['train', 'val', 'test'], start_epoch=0, step=1, stepmode='lin_grow', use_valid=True, weight_decay=0.0001, workers=16)
=> saving checkpoint './save_models/checkpoint_004.pth.tar'
=> saved checkpoint './save_models/checkpoint_004.pth.tar'
Epoch : 4  of  25 

 exit 0 prec@1 64.480 
 exit 0 prec@1 conf correct 0.788 prec@1 conf wrong 0.542
 exit 1 prec@1 70.040 
 exit 1 prec@1 conf correct 0.817 prec@1 conf wrong 0.539
 exit 2 prec@1 74.000 
 exit 2 prec@1 conf correct 0.839 prec@1 conf wrong 0.540
 exit 3 prec@1 74.420 
 exit 3 prec@1 conf correct 0.856 prec@1 conf wrong 0.555
 exit 4 prec@1 76.060 
 exit 4 prec@1 conf correct 0.857 prec@1 conf wrong 0.553
Best var_prec1 76.06000001220703
Namespace(arch='msdnet', base=1, batch_size=256, bnFactor=[1, 2, 4], bottleneck=True, data='cifar10', data_root='data', decay_rate=0.1, epochs=25, evalmode=None, evaluate_from=None, gpu=None, grFactor=[1, 2, 4], growthRate=6, lr=0.1, lr_type='multistep', momentum=0.9, nBlocks=5, nChannels=16, nScales=3, num_classes=10, optimizer='sgd', print_freq=10, prune='max', reduction=0.5, resume=False, save='.', seed=0, splits=['train', 'val', 'test'], start_epoch=0, step=1, stepmode='lin_grow', use_valid=True, weight_decay=0.0001, workers=16)
=> saving checkpoint './save_models/checkpoint_005.pth.tar'
=> saved checkpoint './save_models/checkpoint_005.pth.tar'
Epoch : 5  of  25 

 exit 0 prec@1 66.620 
 exit 0 prec@1 conf correct 0.782 prec@1 conf wrong 0.524
 exit 1 prec@1 69.820 
 exit 1 prec@1 conf correct 0.826 prec@1 conf wrong 0.540
 exit 2 prec@1 72.700 
 exit 2 prec@1 conf correct 0.846 prec@1 conf wrong 0.570
 exit 3 prec@1 73.760 
 exit 3 prec@1 conf correct 0.859 prec@1 conf wrong 0.582
 exit 4 prec@1 73.100 
 exit 4 prec@1 conf correct 0.868 prec@1 conf wrong 0.584
Namespace(arch='msdnet', base=1, batch_size=256, bnFactor=[1, 2, 4], bottleneck=True, data='cifar10', data_root='data', decay_rate=0.1, epochs=25, evalmode=None, evaluate_from=None, gpu=None, grFactor=[1, 2, 4], growthRate=6, lr=0.1, lr_type='multistep', momentum=0.9, nBlocks=5, nChannels=16, nScales=3, num_classes=10, optimizer='sgd', print_freq=10, prune='max', reduction=0.5, resume=False, save='.', seed=0, splits=['train', 'val', 'test'], start_epoch=0, step=1, stepmode='lin_grow', use_valid=True, weight_decay=0.0001, workers=16)
=> saving checkpoint './save_models/checkpoint_006.pth.tar'
=> saved checkpoint './save_models/checkpoint_006.pth.tar'
Epoch : 6  of  25 

 exit 0 prec@1 72.640 
 exit 0 prec@1 conf correct 0.802 prec@1 conf wrong 0.508
 exit 1 prec@1 77.520 
 exit 1 prec@1 conf correct 0.825 prec@1 conf wrong 0.512
 exit 2 prec@1 78.840 
 exit 2 prec@1 conf correct 0.861 prec@1 conf wrong 0.543
 exit 3 prec@1 81.000 
 exit 3 prec@1 conf correct 0.868 prec@1 conf wrong 0.539
 exit 4 prec@1 81.500 
 exit 4 prec@1 conf correct 0.878 prec@1 conf wrong 0.550
Best var_prec1 81.50000001220702
Namespace(arch='msdnet', base=1, batch_size=256, bnFactor=[1, 2, 4], bottleneck=True, data='cifar10', data_root='data', decay_rate=0.1, epochs=25, evalmode=None, evaluate_from=None, gpu=None, grFactor=[1, 2, 4], growthRate=6, lr=0.1, lr_type='multistep', momentum=0.9, nBlocks=5, nChannels=16, nScales=3, num_classes=10, optimizer='sgd', print_freq=10, prune='max', reduction=0.5, resume=False, save='.', seed=0, splits=['train', 'val', 'test'], start_epoch=0, step=1, stepmode='lin_grow', use_valid=True, weight_decay=0.0001, workers=16)
=> saving checkpoint './save_models/checkpoint_007.pth.tar'
=> saved checkpoint './save_models/checkpoint_007.pth.tar'
Epoch : 7  of  25 

 exit 0 prec@1 71.140 
 exit 0 prec@1 conf correct 0.803 prec@1 conf wrong 0.512
 exit 1 prec@1 76.280 
 exit 1 prec@1 conf correct 0.836 prec@1 conf wrong 0.520
 exit 2 prec@1 77.760 
 exit 2 prec@1 conf correct 0.860 prec@1 conf wrong 0.538
 exit 3 prec@1 78.980 
 exit 3 prec@1 conf correct 0.877 prec@1 conf wrong 0.560
 exit 4 prec@1 79.200 
 exit 4 prec@1 conf correct 0.884 prec@1 conf wrong 0.556
Namespace(arch='msdnet', base=1, batch_size=256, bnFactor=[1, 2, 4], bottleneck=True, data='cifar10', data_root='data', decay_rate=0.1, epochs=25, evalmode=None, evaluate_from=None, gpu=None, grFactor=[1, 2, 4], growthRate=6, lr=0.1, lr_type='multistep', momentum=0.9, nBlocks=5, nChannels=16, nScales=3, num_classes=10, optimizer='sgd', print_freq=10, prune='max', reduction=0.5, resume=False, save='.', seed=0, splits=['train', 'val', 'test'], start_epoch=0, step=1, stepmode='lin_grow', use_valid=True, weight_decay=0.0001, workers=16)
=> saving checkpoint './save_models/checkpoint_008.pth.tar'
=> saved checkpoint './save_models/checkpoint_008.pth.tar'
Epoch : 8  of  25 

 exit 0 prec@1 73.200 
 exit 0 prec@1 conf correct 0.806 prec@1 conf wrong 0.512
 exit 1 prec@1 76.240 
 exit 1 prec@1 conf correct 0.844 prec@1 conf wrong 0.529
 exit 2 prec@1 80.100 
 exit 2 prec@1 conf correct 0.878 prec@1 conf wrong 0.537
 exit 3 prec@1 79.840 
 exit 3 prec@1 conf correct 0.891 prec@1 conf wrong 0.545
 exit 4 prec@1 81.480 
 exit 4 prec@1 conf correct 0.893 prec@1 conf wrong 0.549
Namespace(arch='msdnet', base=1, batch_size=256, bnFactor=[1, 2, 4], bottleneck=True, data='cifar10', data_root='data', decay_rate=0.1, epochs=25, evalmode=None, evaluate_from=None, gpu=None, grFactor=[1, 2, 4], growthRate=6, lr=0.1, lr_type='multistep', momentum=0.9, nBlocks=5, nChannels=16, nScales=3, num_classes=10, optimizer='sgd', print_freq=10, prune='max', reduction=0.5, resume=False, save='.', seed=0, splits=['train', 'val', 'test'], start_epoch=0, step=1, stepmode='lin_grow', use_valid=True, weight_decay=0.0001, workers=16)
=> saving checkpoint './save_models/checkpoint_009.pth.tar'
=> saved checkpoint './save_models/checkpoint_009.pth.tar'
Epoch : 9  of  25 

 exit 0 prec@1 74.400 
 exit 0 prec@1 conf correct 0.825 prec@1 conf wrong 0.519
 exit 1 prec@1 77.340 
 exit 1 prec@1 conf correct 0.858 prec@1 conf wrong 0.544
 exit 2 prec@1 80.480 
 exit 2 prec@1 conf correct 0.877 prec@1 conf wrong 0.561
 exit 3 prec@1 82.080 
 exit 3 prec@1 conf correct 0.894 prec@1 conf wrong 0.560
 exit 4 prec@1 82.520 
 exit 4 prec@1 conf correct 0.897 prec@1 conf wrong 0.566
Best var_prec1 82.51999985351563
Namespace(arch='msdnet', base=1, batch_size=256, bnFactor=[1, 2, 4], bottleneck=True, data='cifar10', data_root='data', decay_rate=0.1, epochs=25, evalmode=None, evaluate_from=None, gpu=None, grFactor=[1, 2, 4], growthRate=6, lr=0.1, lr_type='multistep', momentum=0.9, nBlocks=5, nChannels=16, nScales=3, num_classes=10, optimizer='sgd', print_freq=10, prune='max', reduction=0.5, resume=False, save='.', seed=0, splits=['train', 'val', 'test'], start_epoch=0, step=1, stepmode='lin_grow', use_valid=True, weight_decay=0.0001, workers=16)
=> saving checkpoint './save_models/checkpoint_010.pth.tar'
=> saved checkpoint './save_models/checkpoint_010.pth.tar'
Epoch : 10  of  25 

 exit 0 prec@1 75.760 
 exit 0 prec@1 conf correct 0.825 prec@1 conf wrong 0.519
 exit 1 prec@1 79.040 
 exit 1 prec@1 conf correct 0.847 prec@1 conf wrong 0.529
 exit 2 prec@1 82.080 
 exit 2 prec@1 conf correct 0.882 prec@1 conf wrong 0.544
 exit 3 prec@1 83.400 
 exit 3 prec@1 conf correct 0.897 prec@1 conf wrong 0.551
 exit 4 prec@1 83.700 
 exit 4 prec@1 conf correct 0.906 prec@1 conf wrong 0.563
Best var_prec1 83.6999999633789
Namespace(arch='msdnet', base=1, batch_size=256, bnFactor=[1, 2, 4], bottleneck=True, data='cifar10', data_root='data', decay_rate=0.1, epochs=25, evalmode=None, evaluate_from=None, gpu=None, grFactor=[1, 2, 4], growthRate=6, lr=0.1, lr_type='multistep', momentum=0.9, nBlocks=5, nChannels=16, nScales=3, num_classes=10, optimizer='sgd', print_freq=10, prune='max', reduction=0.5, resume=False, save='.', seed=0, splits=['train', 'val', 'test'], start_epoch=0, step=1, stepmode='lin_grow', use_valid=True, weight_decay=0.0001, workers=16)
=> saving checkpoint './save_models/checkpoint_011.pth.tar'
=> saved checkpoint './save_models/checkpoint_011.pth.tar'
Epoch : 11  of  25 

 exit 0 prec@1 74.300 
 exit 0 prec@1 conf correct 0.837 prec@1 conf wrong 0.530
 exit 1 prec@1 78.480 
 exit 1 prec@1 conf correct 0.867 prec@1 conf wrong 0.545
 exit 2 prec@1 82.300 
 exit 2 prec@1 conf correct 0.891 prec@1 conf wrong 0.549
 exit 3 prec@1 83.180 
 exit 3 prec@1 conf correct 0.910 prec@1 conf wrong 0.560
 exit 4 prec@1 82.780 
 exit 4 prec@1 conf correct 0.915 prec@1 conf wrong 0.575
Namespace(arch='msdnet', base=1, batch_size=256, bnFactor=[1, 2, 4], bottleneck=True, data='cifar10', data_root='data', decay_rate=0.1, epochs=25, evalmode=None, evaluate_from=None, gpu=None, grFactor=[1, 2, 4], growthRate=6, lr=0.1, lr_type='multistep', momentum=0.9, nBlocks=5, nChannels=16, nScales=3, num_classes=10, optimizer='sgd', print_freq=10, prune='max', reduction=0.5, resume=False, save='.', seed=0, splits=['train', 'val', 'test'], start_epoch=0, step=1, stepmode='lin_grow', use_valid=True, weight_decay=0.0001, workers=16)
=> saving checkpoint './save_models/checkpoint_012.pth.tar'
=> saved checkpoint './save_models/checkpoint_012.pth.tar'
Epoch : 12  of  25 

 exit 0 prec@1 79.520 
 exit 0 prec@1 conf correct 0.845 prec@1 conf wrong 0.521
 exit 1 prec@1 82.060 
 exit 1 prec@1 conf correct 0.873 prec@1 conf wrong 0.534
 exit 2 prec@1 85.160 
 exit 2 prec@1 conf correct 0.902 prec@1 conf wrong 0.542
 exit 3 prec@1 86.600 
 exit 3 prec@1 conf correct 0.917 prec@1 conf wrong 0.542
 exit 4 prec@1 87.080 
 exit 4 prec@1 conf correct 0.925 prec@1 conf wrong 0.540
Best var_prec1 87.07999991455078
Namespace(arch='msdnet', base=1, batch_size=256, bnFactor=[1, 2, 4], bottleneck=True, data='cifar10', data_root='data', decay_rate=0.1, epochs=25, evalmode=None, evaluate_from=None, gpu=None, grFactor=[1, 2, 4], growthRate=6, lr=0.1, lr_type='multistep', momentum=0.9, nBlocks=5, nChannels=16, nScales=3, num_classes=10, optimizer='sgd', print_freq=10, prune='max', reduction=0.5, resume=False, save='.', seed=0, splits=['train', 'val', 'test'], start_epoch=0, step=1, stepmode='lin_grow', use_valid=True, weight_decay=0.0001, workers=16)
=> saving checkpoint './save_models/checkpoint_013.pth.tar'
=> saved checkpoint './save_models/checkpoint_013.pth.tar'
Epoch : 13  of  25 

 exit 0 prec@1 79.780 
 exit 0 prec@1 conf correct 0.853 prec@1 conf wrong 0.526
 exit 1 prec@1 83.080 
 exit 1 prec@1 conf correct 0.877 prec@1 conf wrong 0.547
 exit 2 prec@1 85.840 
 exit 2 prec@1 conf correct 0.908 prec@1 conf wrong 0.547
 exit 3 prec@1 88.100 
 exit 3 prec@1 conf correct 0.919 prec@1 conf wrong 0.551
 exit 4 prec@1 88.260 
 exit 4 prec@1 conf correct 0.929 prec@1 conf wrong 0.553
Best var_prec1 88.25999998779297
Namespace(arch='msdnet', base=1, batch_size=256, bnFactor=[1, 2, 4], bottleneck=True, data='cifar10', data_root='data', decay_rate=0.1, epochs=25, evalmode=None, evaluate_from=None, gpu=None, grFactor=[1, 2, 4], growthRate=6, lr=0.1, lr_type='multistep', momentum=0.9, nBlocks=5, nChannels=16, nScales=3, num_classes=10, optimizer='sgd', print_freq=10, prune='max', reduction=0.5, resume=False, save='.', seed=0, splits=['train', 'val', 'test'], start_epoch=0, step=1, stepmode='lin_grow', use_valid=True, weight_decay=0.0001, workers=16)
=> saving checkpoint './save_models/checkpoint_014.pth.tar'
=> saved checkpoint './save_models/checkpoint_014.pth.tar'
Epoch : 14  of  25 

 exit 0 prec@1 79.580 
 exit 0 prec@1 conf correct 0.856 prec@1 conf wrong 0.529
 exit 1 prec@1 82.600 
 exit 1 prec@1 conf correct 0.885 prec@1 conf wrong 0.532
 exit 2 prec@1 85.700 
 exit 2 prec@1 conf correct 0.914 prec@1 conf wrong 0.546
 exit 3 prec@1 87.240 
 exit 3 prec@1 conf correct 0.925 prec@1 conf wrong 0.541
 exit 4 prec@1 88.260 
 exit 4 prec@1 conf correct 0.932 prec@1 conf wrong 0.550
Namespace(arch='msdnet', base=1, batch_size=256, bnFactor=[1, 2, 4], bottleneck=True, data='cifar10', data_root='data', decay_rate=0.1, epochs=25, evalmode=None, evaluate_from=None, gpu=None, grFactor=[1, 2, 4], growthRate=6, lr=0.1, lr_type='multistep', momentum=0.9, nBlocks=5, nChannels=16, nScales=3, num_classes=10, optimizer='sgd', print_freq=10, prune='max', reduction=0.5, resume=False, save='.', seed=0, splits=['train', 'val', 'test'], start_epoch=0, step=1, stepmode='lin_grow', use_valid=True, weight_decay=0.0001, workers=16)
=> saving checkpoint './save_models/checkpoint_015.pth.tar'
=> saved checkpoint './save_models/checkpoint_015.pth.tar'
Epoch : 15  of  25 

 exit 0 prec@1 80.900 
 exit 0 prec@1 conf correct 0.854 prec@1 conf wrong 0.522
 exit 1 prec@1 83.680 
 exit 1 prec@1 conf correct 0.885 prec@1 conf wrong 0.536
 exit 2 prec@1 86.600 
 exit 2 prec@1 conf correct 0.912 prec@1 conf wrong 0.545
 exit 3 prec@1 88.100 
 exit 3 prec@1 conf correct 0.926 prec@1 conf wrong 0.557
 exit 4 prec@1 88.220 
 exit 4 prec@1 conf correct 0.934 prec@1 conf wrong 0.555
Namespace(arch='msdnet', base=1, batch_size=256, bnFactor=[1, 2, 4], bottleneck=True, data='cifar10', data_root='data', decay_rate=0.1, epochs=25, evalmode=None, evaluate_from=None, gpu=None, grFactor=[1, 2, 4], growthRate=6, lr=0.1, lr_type='multistep', momentum=0.9, nBlocks=5, nChannels=16, nScales=3, num_classes=10, optimizer='sgd', print_freq=10, prune='max', reduction=0.5, resume=False, save='.', seed=0, splits=['train', 'val', 'test'], start_epoch=0, step=1, stepmode='lin_grow', use_valid=True, weight_decay=0.0001, workers=16)
=> saving checkpoint './save_models/checkpoint_016.pth.tar'
=> saved checkpoint './save_models/checkpoint_016.pth.tar'
Epoch : 16  of  25 

 exit 0 prec@1 80.040 
 exit 0 prec@1 conf correct 0.863 prec@1 conf wrong 0.529
 exit 1 prec@1 82.620 
 exit 1 prec@1 conf correct 0.890 prec@1 conf wrong 0.538
 exit 2 prec@1 86.100 
 exit 2 prec@1 conf correct 0.914 prec@1 conf wrong 0.546
 exit 3 prec@1 87.980 
 exit 3 prec@1 conf correct 0.928 prec@1 conf wrong 0.548
 exit 4 prec@1 88.720 
 exit 4 prec@1 conf correct 0.934 prec@1 conf wrong 0.553
Best var_prec1 88.71999989013672
Namespace(arch='msdnet', base=1, batch_size=256, bnFactor=[1, 2, 4], bottleneck=True, data='cifar10', data_root='data', decay_rate=0.1, epochs=25, evalmode=None, evaluate_from=None, gpu=None, grFactor=[1, 2, 4], growthRate=6, lr=0.1, lr_type='multistep', momentum=0.9, nBlocks=5, nChannels=16, nScales=3, num_classes=10, optimizer='sgd', print_freq=10, prune='max', reduction=0.5, resume=False, save='.', seed=0, splits=['train', 'val', 'test'], start_epoch=0, step=1, stepmode='lin_grow', use_valid=True, weight_decay=0.0001, workers=16)
=> saving checkpoint './save_models/checkpoint_017.pth.tar'
=> saved checkpoint './save_models/checkpoint_017.pth.tar'
Epoch : 17  of  25 

 exit 0 prec@1 80.540 
 exit 0 prec@1 conf correct 0.863 prec@1 conf wrong 0.529
 exit 1 prec@1 83.100 
 exit 1 prec@1 conf correct 0.893 prec@1 conf wrong 0.546
 exit 2 prec@1 86.380 
 exit 2 prec@1 conf correct 0.916 prec@1 conf wrong 0.557
 exit 3 prec@1 87.900 
 exit 3 prec@1 conf correct 0.932 prec@1 conf wrong 0.559
 exit 4 prec@1 88.880 
 exit 4 prec@1 conf correct 0.936 prec@1 conf wrong 0.559
Best var_prec1 88.88000004882812
Namespace(arch='msdnet', base=1, batch_size=256, bnFactor=[1, 2, 4], bottleneck=True, data='cifar10', data_root='data', decay_rate=0.1, epochs=25, evalmode=None, evaluate_from=None, gpu=None, grFactor=[1, 2, 4], growthRate=6, lr=0.1, lr_type='multistep', momentum=0.9, nBlocks=5, nChannels=16, nScales=3, num_classes=10, optimizer='sgd', print_freq=10, prune='max', reduction=0.5, resume=False, save='.', seed=0, splits=['train', 'val', 'test'], start_epoch=0, step=1, stepmode='lin_grow', use_valid=True, weight_decay=0.0001, workers=16)
=> saving checkpoint './save_models/checkpoint_018.pth.tar'
=> saved checkpoint './save_models/checkpoint_018.pth.tar'
Epoch : 18  of  25 

 exit 0 prec@1 80.120 
 exit 0 prec@1 conf correct 0.866 prec@1 conf wrong 0.531
 exit 1 prec@1 82.980 
 exit 1 prec@1 conf correct 0.892 prec@1 conf wrong 0.545
 exit 2 prec@1 86.480 
 exit 2 prec@1 conf correct 0.916 prec@1 conf wrong 0.545
 exit 3 prec@1 87.840 
 exit 3 prec@1 conf correct 0.930 prec@1 conf wrong 0.554
 exit 4 prec@1 88.440 
 exit 4 prec@1 conf correct 0.937 prec@1 conf wrong 0.553
Namespace(arch='msdnet', base=1, batch_size=256, bnFactor=[1, 2, 4], bottleneck=True, data='cifar10', data_root='data', decay_rate=0.1, epochs=25, evalmode=None, evaluate_from=None, gpu=None, grFactor=[1, 2, 4], growthRate=6, lr=0.1, lr_type='multistep', momentum=0.9, nBlocks=5, nChannels=16, nScales=3, num_classes=10, optimizer='sgd', print_freq=10, prune='max', reduction=0.5, resume=False, save='.', seed=0, splits=['train', 'val', 'test'], start_epoch=0, step=1, stepmode='lin_grow', use_valid=True, weight_decay=0.0001, workers=16)
=> saving checkpoint './save_models/checkpoint_019.pth.tar'
=> saved checkpoint './save_models/checkpoint_019.pth.tar'
Epoch : 19  of  25 

 exit 0 prec@1 81.020 
 exit 0 prec@1 conf correct 0.863 prec@1 conf wrong 0.528
 exit 1 prec@1 83.680 
 exit 1 prec@1 conf correct 0.889 prec@1 conf wrong 0.542
 exit 2 prec@1 86.240 
 exit 2 prec@1 conf correct 0.916 prec@1 conf wrong 0.546
 exit 3 prec@1 87.720 
 exit 3 prec@1 conf correct 0.930 prec@1 conf wrong 0.557
 exit 4 prec@1 88.840 
 exit 4 prec@1 conf correct 0.936 prec@1 conf wrong 0.559
Namespace(arch='msdnet', base=1, batch_size=256, bnFactor=[1, 2, 4], bottleneck=True, data='cifar10', data_root='data', decay_rate=0.1, epochs=25, evalmode=None, evaluate_from=None, gpu=None, grFactor=[1, 2, 4], growthRate=6, lr=0.1, lr_type='multistep', momentum=0.9, nBlocks=5, nChannels=16, nScales=3, num_classes=10, optimizer='sgd', print_freq=10, prune='max', reduction=0.5, resume=False, save='.', seed=0, splits=['train', 'val', 'test'], start_epoch=0, step=1, stepmode='lin_grow', use_valid=True, weight_decay=0.0001, workers=16)
=> saving checkpoint './save_models/checkpoint_020.pth.tar'
=> saved checkpoint './save_models/checkpoint_020.pth.tar'
Epoch : 20  of  25 

 exit 0 prec@1 80.260 
 exit 0 prec@1 conf correct 0.867 prec@1 conf wrong 0.531
 exit 1 prec@1 83.260 
 exit 1 prec@1 conf correct 0.890 prec@1 conf wrong 0.545
 exit 2 prec@1 86.260 
 exit 2 prec@1 conf correct 0.918 prec@1 conf wrong 0.551
 exit 3 prec@1 87.760 
 exit 3 prec@1 conf correct 0.932 prec@1 conf wrong 0.553
 exit 4 prec@1 88.500 
 exit 4 prec@1 conf correct 0.939 prec@1 conf wrong 0.562
Namespace(arch='msdnet', base=1, batch_size=256, bnFactor=[1, 2, 4], bottleneck=True, data='cifar10', data_root='data', decay_rate=0.1, epochs=25, evalmode=None, evaluate_from=None, gpu=None, grFactor=[1, 2, 4], growthRate=6, lr=0.1, lr_type='multistep', momentum=0.9, nBlocks=5, nChannels=16, nScales=3, num_classes=10, optimizer='sgd', print_freq=10, prune='max', reduction=0.5, resume=False, save='.', seed=0, splits=['train', 'val', 'test'], start_epoch=0, step=1, stepmode='lin_grow', use_valid=True, weight_decay=0.0001, workers=16)
=> saving checkpoint './save_models/checkpoint_021.pth.tar'
=> saved checkpoint './save_models/checkpoint_021.pth.tar'
Epoch : 21  of  25 

 exit 0 prec@1 80.300 
 exit 0 prec@1 conf correct 0.866 prec@1 conf wrong 0.534
 exit 1 prec@1 83.260 
 exit 1 prec@1 conf correct 0.893 prec@1 conf wrong 0.546
 exit 2 prec@1 86.760 
 exit 2 prec@1 conf correct 0.919 prec@1 conf wrong 0.553
 exit 3 prec@1 88.160 
 exit 3 prec@1 conf correct 0.932 prec@1 conf wrong 0.543
 exit 4 prec@1 88.940 
 exit 4 prec@1 conf correct 0.940 prec@1 conf wrong 0.547
Best var_prec1 88.94000002441406
Namespace(arch='msdnet', base=1, batch_size=256, bnFactor=[1, 2, 4], bottleneck=True, data='cifar10', data_root='data', decay_rate=0.1, epochs=25, evalmode=None, evaluate_from=None, gpu=None, grFactor=[1, 2, 4], growthRate=6, lr=0.1, lr_type='multistep', momentum=0.9, nBlocks=5, nChannels=16, nScales=3, num_classes=10, optimizer='sgd', print_freq=10, prune='max', reduction=0.5, resume=False, save='.', seed=0, splits=['train', 'val', 'test'], start_epoch=0, step=1, stepmode='lin_grow', use_valid=True, weight_decay=0.0001, workers=16)
=> saving checkpoint './save_models/checkpoint_022.pth.tar'
=> saved checkpoint './save_models/checkpoint_022.pth.tar'
Epoch : 22  of  25 

 exit 0 prec@1 80.300 
 exit 0 prec@1 conf correct 0.863 prec@1 conf wrong 0.531
 exit 1 prec@1 83.500 
 exit 1 prec@1 conf correct 0.890 prec@1 conf wrong 0.542
 exit 2 prec@1 87.040 
 exit 2 prec@1 conf correct 0.917 prec@1 conf wrong 0.552
 exit 3 prec@1 88.300 
 exit 3 prec@1 conf correct 0.932 prec@1 conf wrong 0.548
 exit 4 prec@1 88.980 
 exit 4 prec@1 conf correct 0.937 prec@1 conf wrong 0.558
Best var_prec1 88.97999991455079
Namespace(arch='msdnet', base=1, batch_size=256, bnFactor=[1, 2, 4], bottleneck=True, data='cifar10', data_root='data', decay_rate=0.1, epochs=25, evalmode=None, evaluate_from=None, gpu=None, grFactor=[1, 2, 4], growthRate=6, lr=0.1, lr_type='multistep', momentum=0.9, nBlocks=5, nChannels=16, nScales=3, num_classes=10, optimizer='sgd', print_freq=10, prune='max', reduction=0.5, resume=False, save='.', seed=0, splits=['train', 'val', 'test'], start_epoch=0, step=1, stepmode='lin_grow', use_valid=True, weight_decay=0.0001, workers=16)
=> saving checkpoint './save_models/checkpoint_023.pth.tar'
=> saved checkpoint './save_models/checkpoint_023.pth.tar'
Epoch : 23  of  25 

 exit 0 prec@1 80.960 
 exit 0 prec@1 conf correct 0.863 prec@1 conf wrong 0.529
 exit 1 prec@1 83.660 
 exit 1 prec@1 conf correct 0.889 prec@1 conf wrong 0.541
 exit 2 prec@1 86.700 
 exit 2 prec@1 conf correct 0.917 prec@1 conf wrong 0.550
 exit 3 prec@1 88.340 
 exit 3 prec@1 conf correct 0.933 prec@1 conf wrong 0.554
 exit 4 prec@1 88.960 
 exit 4 prec@1 conf correct 0.941 prec@1 conf wrong 0.550
Namespace(arch='msdnet', base=1, batch_size=256, bnFactor=[1, 2, 4], bottleneck=True, data='cifar10', data_root='data', decay_rate=0.1, epochs=25, evalmode=None, evaluate_from=None, gpu=None, grFactor=[1, 2, 4], growthRate=6, lr=0.1, lr_type='multistep', momentum=0.9, nBlocks=5, nChannels=16, nScales=3, num_classes=10, optimizer='sgd', print_freq=10, prune='max', reduction=0.5, resume=False, save='.', seed=0, splits=['train', 'val', 'test'], start_epoch=0, step=1, stepmode='lin_grow', use_valid=True, weight_decay=0.0001, workers=16)
=> saving checkpoint './save_models/checkpoint_024.pth.tar'
=> saved checkpoint './save_models/checkpoint_024.pth.tar'
Epoch : 24  of  25 

Best val_prec1: 88.9800 at epoch 23
********** Final prediction results **********
 exit 0 prec@1 81.210 
 exit 0 prec@1 conf correct 0.886 prec@1 conf wrong 0.557
 exit 1 prec@1 84.600 
 exit 1 prec@1 conf correct 0.906 prec@1 conf wrong 0.571
 exit 2 prec@1 87.040 
 exit 2 prec@1 conf correct 0.931 prec@1 conf wrong 0.572
 exit 3 prec@1 88.250 
 exit 3 prec@1 conf correct 0.943 prec@1 conf wrong 0.574
 exit 4 prec@1 88.310 
 exit 4 prec@1 conf correct 0.950 prec@1 conf wrong 0.579
