Using base prefix '/cvmfs/soft.computecanada.ca/easybuild/software/2017/Core/python/3.6.3'
New python executable in /localscratch/shiva23.22688457.0/env/bin/python
Installing setuptools, pip, wheel...done.
Ignoring pip: markers 'python_version < "3"' don't match your environment
Collecting torch
Collecting torchvision
Collecting numpy
Collecting pandas
Collecting pillow>=4.1.1 (from torchvision)
Collecting six (from torchvision)
Collecting pytz>=2017.2 (from pandas)
Collecting python-dateutil>=2.6.1 (from pandas)
Installing collected packages: numpy, torch, pillow, six, torchvision, pytz, python-dateutil, pandas
Successfully installed numpy-1.17.4 pandas-0.25.3 pillow-6.2.1 python-dateutil-2.8.1 pytz-2019.3 six-1.13.0 torch-1.3.1 torchvision-0.4.0
building network of steps: 
[1, 2, 3, 4, 5] 15
 ********************** Block 1  **********************
|		inScales 3 outScales 3 inChannels 16 outChannels 6		|

 ********************** Block 2  **********************
|		inScales 3 outScales 3 inChannels 22 outChannels 6		|

|		inScales 3 outScales 3 inChannels 28 outChannels 6		|

 ********************** Block 3  **********************
|		inScales 3 outScales 3 inChannels 34 outChannels 6		|

|		inScales 3 outScales 3 inChannels 40 outChannels 6		|

|		inScales 3 outScales 2 inChannels 46 outChannels 6		|
|		Transition layer inserted! (max), inChannels 52, outChannels 26	|

 ********************** Block 4  **********************
|		inScales 2 outScales 2 inChannels 26 outChannels 6		|

|		inScales 2 outScales 2 inChannels 32 outChannels 6		|

|		inScales 2 outScales 2 inChannels 38 outChannels 6		|

|		inScales 2 outScales 2 inChannels 44 outChannels 6		|

 ********************** Block 5  **********************
|		inScales 2 outScales 1 inChannels 50 outChannels 6		|
|		Transition layer inserted! (max), inChannels 56, outChannels 28	|

|		inScales 1 outScales 1 inChannels 28 outChannels 6		|

|		inScales 1 outScales 1 inChannels 34 outChannels 6		|

|		inScales 1 outScales 1 inChannels 40 outChannels 6		|

|		inScales 1 outScales 1 inChannels 46 outChannels 6		|

---------------------
FLOPs: 6.85M, Params: 0.29M
---------------------
FLOPs: 14.33M, Params: 0.63M
---------------------
FLOPs: 27.50M, Params: 0.98M
---------------------
FLOPs: 41.67M, Params: 1.45M
---------------------
FLOPs: 58.42M, Params: 2.02M
building network of steps: 
[1, 2, 3, 4, 5] 15
 ********************** Block 1  **********************
|		inScales 3 outScales 3 inChannels 16 outChannels 6		|

 ********************** Block 2  **********************
|		inScales 3 outScales 3 inChannels 22 outChannels 6		|

|		inScales 3 outScales 3 inChannels 28 outChannels 6		|

 ********************** Block 3  **********************
|		inScales 3 outScales 3 inChannels 34 outChannels 6		|

|		inScales 3 outScales 3 inChannels 40 outChannels 6		|

|		inScales 3 outScales 2 inChannels 46 outChannels 6		|
|		Transition layer inserted! (max), inChannels 52, outChannels 26	|

 ********************** Block 4  **********************
|		inScales 2 outScales 2 inChannels 26 outChannels 6		|

|		inScales 2 outScales 2 inChannels 32 outChannels 6		|

|		inScales 2 outScales 2 inChannels 38 outChannels 6		|

|		inScales 2 outScales 2 inChannels 44 outChannels 6		|

 ********************** Block 5  **********************
|		inScales 2 outScales 1 inChannels 50 outChannels 6		|
|		Transition layer inserted! (max), inChannels 56, outChannels 28	|

|		inScales 1 outScales 1 inChannels 28 outChannels 6		|

|		inScales 1 outScales 1 inChannels 34 outChannels 6		|

|		inScales 1 outScales 1 inChannels 40 outChannels 6		|

|		inScales 1 outScales 1 inChannels 46 outChannels 6		|

Files already downloaded and verified
Files already downloaded and verified
!!!!!! Load train_set_index !!!!!!
 exit 0 prec@1 48.400 
 exit 0 prec@1 conf correct 0.566 prec@1 conf wrong 0.408
 exit 1 prec@1 50.220 
 exit 1 prec@1 conf correct 0.611 prec@1 conf wrong 0.434
 exit 2 prec@1 51.320 
 exit 2 prec@1 conf correct 0.634 prec@1 conf wrong 0.443
 exit 3 prec@1 52.440 
 exit 3 prec@1 conf correct 0.651 prec@1 conf wrong 0.453
 exit 4 prec@1 52.020 
 exit 4 prec@1 conf correct 0.667 prec@1 conf wrong 0.467
Best var_prec1 52.01999995727539
Namespace(arch='msdnet', base=1, batch_size=256, bnFactor=[1, 2, 4], bottleneck=True, data='cifar10', data_root='data', decay_rate=0.1, epochs=1, evalmode=None, evaluate_from=None, gpu=None, grFactor=[1, 2, 4], growthRate=6, lr=0.1, lr_type='multistep', momentum=0.9, nBlocks=5, nChannels=16, nScales=3, num_classes=10, optimizer='sgd', print_freq=10, prune='max', reduction=0.5, resume=False, save='.', seed=0, splits=['train', 'val', 'test'], start_epoch=0, step=1, stepmode='lin_grow', use_valid=True, weight_decay=0.0001, workers=16)
=> saving checkpoint './save_models/checkpoint_000.pth.tar'
=> saved checkpoint './save_models/checkpoint_000.pth.tar'
Epoch : 0  of  1 

Best val_prec1: 52.0200 at epoch 0
********** Final prediction results **********
 exit 0 prec@1 50.910 
 exit 0 prec@1 conf correct 0.607 prec@1 conf wrong 0.434
 exit 1 prec@1 52.270 
 exit 1 prec@1 conf correct 0.646 prec@1 conf wrong 0.452
 exit 2 prec@1 54.530 
 exit 2 prec@1 conf correct 0.656 prec@1 conf wrong 0.458
 exit 3 prec@1 54.720 
 exit 3 prec@1 conf correct 0.678 prec@1 conf wrong 0.473
 exit 4 prec@1 53.440 
 exit 4 prec@1 conf correct 0.696 prec@1 conf wrong 0.491
