Using base prefix '/cvmfs/soft.computecanada.ca/easybuild/software/2017/Core/python/3.6.3'
New python executable in /localscratch/shiva23.22687194.0/env/bin/python
Installing setuptools, pip, wheel...done.
Ignoring pip: markers 'python_version < "3"' don't match your environment
Collecting torch
Collecting torchvision
Collecting numpy
Collecting pandas
Collecting pillow>=4.1.1 (from torchvision)
Collecting six (from torchvision)
Collecting pytz>=2017.2 (from pandas)
Collecting python-dateutil>=2.6.1 (from pandas)
Installing collected packages: numpy, torch, pillow, six, torchvision, pytz, python-dateutil, pandas
Successfully installed numpy-1.17.4 pandas-0.25.3 pillow-6.2.1 python-dateutil-2.8.1 pytz-2019.3 six-1.13.0 torch-1.3.1 torchvision-0.4.0
building network of steps: 
[1, 2, 3, 4, 5] 15
 ********************** Block 1  **********************
|		inScales 3 outScales 3 inChannels 16 outChannels 6		|

 ********************** Block 2  **********************
|		inScales 3 outScales 3 inChannels 22 outChannels 6		|

|		inScales 3 outScales 3 inChannels 28 outChannels 6		|

 ********************** Block 3  **********************
|		inScales 3 outScales 3 inChannels 34 outChannels 6		|

|		inScales 3 outScales 3 inChannels 40 outChannels 6		|

|		inScales 3 outScales 2 inChannels 46 outChannels 6		|
|		Transition layer inserted! (max), inChannels 52, outChannels 26	|

 ********************** Block 4  **********************
|		inScales 2 outScales 2 inChannels 26 outChannels 6		|

|		inScales 2 outScales 2 inChannels 32 outChannels 6		|

|		inScales 2 outScales 2 inChannels 38 outChannels 6		|

|		inScales 2 outScales 2 inChannels 44 outChannels 6		|

 ********************** Block 5  **********************
|		inScales 2 outScales 1 inChannels 50 outChannels 6		|
|		Transition layer inserted! (max), inChannels 56, outChannels 28	|

|		inScales 1 outScales 1 inChannels 28 outChannels 6		|

|		inScales 1 outScales 1 inChannels 34 outChannels 6		|

|		inScales 1 outScales 1 inChannels 40 outChannels 6		|

|		inScales 1 outScales 1 inChannels 46 outChannels 6		|

---------------------
FLOPs: 6.85M, Params: 0.29M
---------------------
FLOPs: 14.33M, Params: 0.63M
---------------------
FLOPs: 27.50M, Params: 0.98M
---------------------
FLOPs: 41.67M, Params: 1.45M
---------------------
FLOPs: 58.42M, Params: 2.02M
building network of steps: 
[1, 2, 3, 4, 5] 15
 ********************** Block 1  **********************
|		inScales 3 outScales 3 inChannels 16 outChannels 6		|

 ********************** Block 2  **********************
|		inScales 3 outScales 3 inChannels 22 outChannels 6		|

|		inScales 3 outScales 3 inChannels 28 outChannels 6		|

 ********************** Block 3  **********************
|		inScales 3 outScales 3 inChannels 34 outChannels 6		|

|		inScales 3 outScales 3 inChannels 40 outChannels 6		|

|		inScales 3 outScales 2 inChannels 46 outChannels 6		|
|		Transition layer inserted! (max), inChannels 52, outChannels 26	|

 ********************** Block 4  **********************
|		inScales 2 outScales 2 inChannels 26 outChannels 6		|

|		inScales 2 outScales 2 inChannels 32 outChannels 6		|

|		inScales 2 outScales 2 inChannels 38 outChannels 6		|

|		inScales 2 outScales 2 inChannels 44 outChannels 6		|

 ********************** Block 5  **********************
|		inScales 2 outScales 1 inChannels 50 outChannels 6		|
|		Transition layer inserted! (max), inChannels 56, outChannels 28	|

|		inScales 1 outScales 1 inChannels 28 outChannels 6		|

|		inScales 1 outScales 1 inChannels 34 outChannels 6		|

|		inScales 1 outScales 1 inChannels 40 outChannels 6		|

|		inScales 1 outScales 1 inChannels 46 outChannels 6		|

Files already downloaded and verified
Files already downloaded and verified
!!!!!! Load train_set_index !!!!!!
 exit 0 prec@1 49.900 
 exit 0 prec@1 conf correct 0.628 prec@1 conf wrong 0.462
 exit 1 prec@1 49.560 
 exit 1 prec@1 conf correct 0.651 prec@1 conf wrong 0.468
 exit 2 prec@1 50.600 
 exit 2 prec@1 conf correct 0.668 prec@1 conf wrong 0.472
 exit 3 prec@1 52.480 
 exit 3 prec@1 conf correct 0.659 prec@1 conf wrong 0.463
 exit 4 prec@1 51.780 
 exit 4 prec@1 conf correct 0.661 prec@1 conf wrong 0.458
[49.90000001831055, 49.55999996337891, 50.599999957275394, 52.47999998779297, 51.77999993286133]
Best var_prec1 51.77999993286133
Namespace(arch='msdnet', base=1, batch_size=256, bnFactor=[1, 2, 4], bottleneck=True, data='cifar10', data_root='data', decay_rate=0.1, epochs=1, evalmode=None, evaluate_from=None, gpu=None, grFactor=[1, 2, 4], growthRate=6, lr=0.1, lr_type='multistep', momentum=0.9, nBlocks=5, nChannels=16, nScales=3, num_classes=10, optimizer='sgd', print_freq=10, prune='max', reduction=0.5, resume=False, save='.', seed=0, splits=['train', 'val', 'test'], start_epoch=0, step=1, stepmode='lin_grow', use_valid=True, weight_decay=0.0001, workers=16)
=> saving checkpoint './save_models/checkpoint_000.pth.tar'
=> saved checkpoint './save_models/checkpoint_000.pth.tar'
Epoch : 0  of  1 

Best val_prec1: 51.7800 at epoch 0
********** Final prediction results **********
 exit 0 prec@1 51.160 
 exit 0 prec@1 conf correct 0.671 prec@1 conf wrong 0.488
 exit 1 prec@1 53.030 
 exit 1 prec@1 conf correct 0.682 prec@1 conf wrong 0.496
 exit 2 prec@1 53.450 
 exit 2 prec@1 conf correct 0.697 prec@1 conf wrong 0.503
 exit 3 prec@1 54.120 
 exit 3 prec@1 conf correct 0.698 prec@1 conf wrong 0.494
 exit 4 prec@1 53.640 
 exit 4 prec@1 conf correct 0.693 prec@1 conf wrong 0.489
[51.16, 53.03, 53.45, 54.12, 53.64]
5 conf 0 size
(5000, 1) prob
(20,) class
[0.4161120653152466] Prob
[0, 4, 0, 0, 4, 5, 0, 0, 0, 3, 9, 9, 9, 1, 2, 0, 0, 0, 0, 9, 1, 0, 0, 8, 7, 1, 6, 4, 0, 0, 9, 0, 0, 5, 1, 0, 0, 0, 0, 0, 0, 0, 0, 6, 0, 0, 6, 0, 4, 0, 0, 5, 0, 0, 4, 0, 5, 3, 0, 8, 0, 0, 9, 0, 0, 0, 0, 0, 6, 6, 9, 0, 0, 1, 0, 0, 0, 0, 2, 3, 8, 7, 0, 0, 9, 3, 6, 0, 0, 9, 8, 0, 9, 3, 0, 7, 3, 9, 0, 6, 2, 0, 4, 9, 0, 3, 0, 0, 0, 1, 0, 9, 7, 1, 0, 9, 4, 9, 6, 0, 0, 0, 2, 0, 0, 0, 0, 6, 4, 0, 1, 0, 9, 0, 0, 0, 0, 0, 0, 6, 9, 7, 0, 0, 0, 0, 9, 8, 6, 0, 8, 8, 0, 0, 6, 0, 0, 0, 0, 9, 6, 0, 0, 0, 0, 2, 6, 2, 0, 0, 0, 0, 3, 1, 6, 7, 0, 3, 0, 0, 7, 0, 1, 6, 0, 9, 0, 3, 9, 0, 0, 0, 3, 5, 0, 3, 6, 0, 5, 0, 0, 1, 3, 0, 7, 0, 1, 0, 6, 0, 4, 4, 0, 7, 5, 0, 0, 8, 0, 0, 1, 6, 0, 7, 0, 0, 0, 0, 0, 0, 0, 0, 0, 6, 0, 1, 0, 5, 0, 0, 9, 0, 1, 9, 4, 4, 0, 0, 0, 0, 0, 0, 0, 0, 0, 0] Class
[0.41228970885276794] Prob
[0, 0, 8, 0, 0, 2, 0, 2, 0, 0, 5, 0, 6, 8, 0, 0, 0, 0, 8, 8, 0, 6, 0, 6, 0, 2, 3, 0, 6, 1, 0, 0, 4, 0, 8, 0, 7, 8, 0, 0, 0, 0, 5, 0, 0, 0, 1, 1, 3, 0, 0, 8, 0, 0, 8, 0, 4, 0, 0, 0, 7, 1, 0, 9, 4, 0, 0, 0, 0, 6, 7, 0, 6, 0, 0, 0, 0, 2, 5, 0, 0, 8, 0, 1, 0, 7, 0, 0, 9, 0, 6, 4, 0, 4, 0, 0, 0, 9, 0, 9, 0, 0, 0, 0, 4, 1, 0, 0, 0, 0, 0, 8, 0, 9, 0, 4, 9, 9, 1, 0, 0, 0, 0, 0, 0, 0, 0, 0, 1, 0, 0, 8, 1, 0, 0, 9, 0, 1, 8, 0, 6, 2, 0, 0, 5, 0, 0, 0, 0, 9, 0, 0, 8, 0, 0, 0, 4, 0, 7, 0, 0, 0, 0, 1, 3, 9, 0, 9, 1, 0, 4, 0, 1, 6, 9, 6, 8, 0, 9, 7, 0, 1, 5, 7, 0, 7, 8, 0, 4, 7, 8, 0, 3, 0, 6, 4, 0, 0, 0, 5, 8, 0, 9, 0, 0, 0, 0, 0, 8, 0, 0, 0, 1, 0, 0, 0, 8, 4, 3, 9, 0, 0, 1, 0, 0, 0, 0, 0, 0, 1, 5, 0, 0, 0, 0, 3, 1, 0, 0, 0, 0, 4, 0, 7, 6, 7, 1, 0, 0, 9, 0, 0, 0, 4, 7, 0] Class
[0.0] Prob
[7, 5, 6, 8, 3, 0, 0, 0, 6, 0, 4, 7, 0, 2, 0, 0, 9, 0, 0, 0, 0, 7, 0, 7, 0, 0, 7, 0, 9, 0, 3, 0, 0, 6, 6, 7, 0, 9, 2, 0, 1, 8, 0, 0, 0, 0, 0, 0, 4, 4, 4, 0, 0, 0, 8, 8, 0, 2, 0, 9, 3, 0, 9, 9, 0, 0, 0, 4, 0, 0, 6, 0, 0, 0, 8, 6, 0, 0, 0, 0, 8, 0, 0, 0, 0, 0, 0, 2, 0, 0, 0, 1, 5, 8, 0, 8, 0, 1, 0, 0, 0, 0, 0, 1, 9, 4, 0, 8, 8, 9, 0, 4, 0, 6, 0, 9, 0, 8, 0, 8, 0, 7, 8, 6, 3, 0, 0, 0, 1, 0, 1, 8, 7, 1, 0, 4, 5, 0, 0, 9, 9, 9, 8, 0, 0, 0, 0, 0, 0, 0, 6, 9, 3, 0, 4, 0, 0, 9, 8, 6, 0, 0, 9, 1, 2, 0, 0, 0, 1, 0, 0, 6, 8, 2, 0, 0, 9, 6, 0, 1, 0, 0, 4, 4, 0, 0, 1, 3, 0, 0, 8, 0, 0, 0, 7, 0, 0, 6, 6, 7, 6, 0, 6, 4, 6, 0, 8, 1, 0, 0, 5, 0, 4, 0, 0, 6, 0, 0, 0, 0, 7, 6, 0, 0, 0, 0, 3, 0, 0, 0, 0, 0, 4, 9, 9, 0, 6, 0, 0, 7, 0, 0, 3, 6, 0, 0, 0, 1, 0, 0, 0, 1, 0, 2, 0, 1] Class
[0.0] Prob
[0, 1, 0, 6, 4, 0, 0, 2, 4, 0, 7, 0, 0, 6, 0, 3, 3, 8, 0, 1, 4, 3, 9, 0, 7, 7, 0, 0, 1, 1, 0, 0, 0, 8, 1, 0, 0, 0, 0, 4, 4, 0, 6, 5, 0, 7, 0, 1, 8, 0, 0, 1, 0, 0, 0, 0, 3, 0, 0, 0, 0, 0, 0, 2, 0, 3, 4, 1, 7, 0, 0, 0, 0, 6, 8, 7, 0, 7, 9, 0, 0, 0, 0, 0, 0, 0, 5, 0, 0, 3, 9, 8, 4, 7, 0, 4, 9, 3, 9, 0, 0, 9, 0, 0, 3, 8, 6, 0, 0, 0, 0, 6, 0, 0, 0, 7, 0, 0, 6, 0, 6, 0, 0, 5, 0, 0, 0, 6, 2, 9, 8, 4, 0, 4, 0, 6, 0, 0, 8, 0, 0, 6, 2, 9, 9, 0, 0, 0, 4, 0, 0, 6, 0, 0, 0, 0, 0, 4, 0, 0, 5, 4, 8, 3, 0, 0, 5, 2, 5, 0, 5, 1, 6, 3, 6, 0, 0, 0, 7, 0, 8, 9, 9, 0, 0, 8, 0, 0, 0, 6, 9, 0, 0, 0, 0, 5, 0, 0, 0, 0, 0, 0, 9, 0, 9, 3, 0, 8, 9, 0, 0, 0, 7, 6, 0, 1, 0, 0, 9, 0, 7, 1, 9, 6, 0, 0, 6, 6, 0, 0, 9, 6, 0, 7, 1, 0, 0, 4, 6, 6, 0, 7, 0, 0, 0, 0, 0, 0, 6, 0, 0, 0, 9, 0, 0, 7] Class
[0.24047298729419708] Prob
[9, 4, 0, 0, 0, 0, 0, 7, 5, 6, 0, 0, 6, 0, 7, 6, 0, 4, 0, 7, 1, 0, 1, 8, 0, 3, 9, 0, 7, 0, 0, 0, 1, 0, 0, 0, 6, 0, 0, 0, 9, 4, 0, 6, 0, 6, 0, 9, 0, 6, 0, 0, 0, 6, 1, 0, 1, 9, 1, 6, 0, 5, 0, 0, 0, 0, 0, 9, 6, 6, 0, 9, 0, 0, 0, 6, 0, 0, 0, 9, 6, 0, 0, 4, 1, 0, 3, 0, 0, 0, 2, 0, 0, 4, 9, 0, 8, 4, 7, 0, 6, 1, 3, 6, 8, 0, 6, 0, 1, 0, 0, 0, 0, 0, 0, 0, 0, 0, 0, 0, 3, 9, 0, 8, 0, 0, 0, 5, 0, 8, 6, 7, 0, 8, 0, 6, 0, 0, 0, 0, 2, 6, 0, 7, 9, 0, 0, 0, 0, 4, 0, 0, 7, 0, 0, 7, 7, 1, 0, 9, 0, 0, 0, 0, 9, 8, 0, 0, 7, 0, 1, 0, 7, 0, 8, 7, 0, 0, 9, 1, 4, 4, 0, 3, 0, 7, 2, 3, 8, 1, 7, 0, 1, 0, 0, 5, 8, 0, 0, 0, 0, 4, 8, 0, 8, 6, 0, 0, 3, 0, 0, 0, 0, 0, 5, 4, 0, 0, 0, 0, 0, 6, 1, 0, 1, 0, 4, 0, 0, 0, 0, 0, 0, 0, 9, 0, 0, 0, 9, 0, 0, 0, 0, 0, 8, 1, 0, 0, 1, 0, 0, 0, 0, 0, 8, 0] Class
[0.3088533282279968] Prob
[0, 0, 0, 0, 3, 3, 8, 8, 0, 0, 1, 0, 0, 0, 0, 0, 6, 9, 0, 4, 0, 8, 1, 0, 5, 0, 1, 0, 1, 3, 1, 1, 0, 0, 0, 0, 0, 0, 0, 0, 9, 8, 0, 0, 0, 7, 4, 0, 6, 9, 0, 0, 0, 0, 1, 6, 6, 7, 8, 1, 8, 8, 9, 1, 0, 9, 2, 6, 0, 0, 1, 0, 0, 1, 0, 0, 0, 0, 0, 0, 6, 0, 0, 3, 9, 8, 0, 6, 9, 8, 0, 0, 2, 0, 0, 0, 0, 7, 3, 1, 1, 5, 0, 0, 0, 6, 9, 0, 0, 3, 0, 0, 0, 0, 6, 0, 0, 0, 8, 1, 1, 7, 0, 5, 0, 0, 8, 0, 0, 0, 0, 5, 9, 6, 0, 0, 0, 0, 0, 7, 9, 4, 0, 0, 0, 6, 7, 6, 0, 9, 8, 0, 1, 6, 0, 9, 0, 0, 7, 6, 0, 8, 9, 9, 6, 0, 3, 6, 0, 7, 4, 0, 5, 0, 0, 0, 3, 5, 0, 0, 0, 9, 0, 4, 1, 0, 0, 7, 0, 0, 6, 0, 0, 0, 0, 0, 6, 0, 9, 5, 5, 0, 0, 0, 0, 1, 9, 8, 5, 0, 2, 8, 0, 6, 9, 1, 0, 1, 1, 0, 0, 0, 9, 9, 2, 5, 0, 6, 0, 4, 2, 0, 6, 0, 0, 0, 1, 0, 8, 0, 0, 6, 0, 8, 5, 1, 0, 0, 0, 8, 0, 0, 3, 1, 0, 1] Class
[0.0] Prob
[0, 0, 5, 9, 0, 0, 0, 0, 7, 4, 0, 0, 0, 0, 0, 8, 8, 1, 8, 8, 0, 1, 8, 6, 0, 3, 4, 1, 1, 0, 0, 0, 0, 9, 8, 9, 4, 0, 1, 0, 9, 0, 0, 0, 1, 1, 2, 0, 0, 1, 8, 0, 8, 5, 0, 6, 5, 0, 0, 9, 6, 5, 1, 6, 0, 0, 0, 0, 9, 5, 8, 0, 5, 0, 3, 1, 6, 0, 4, 0, 5, 0, 5, 0, 0, 0, 8, 8, 0, 7, 0, 0, 6, 1, 4, 0, 0, 0, 0, 0, 1, 0, 0, 1, 0, 8, 0, 0, 4, 4, 2, 0, 1, 5, 8, 7, 0, 0, 5, 0, 0, 0, 9, 0, 0, 4, 0, 8, 6, 7, 1, 0, 0, 0, 0, 8, 2, 0, 0, 3, 0, 3, 4, 0, 7, 0, 0, 5, 0, 0, 6, 6, 7, 8, 0, 6, 0, 0, 0, 0, 8, 0, 0, 9, 0, 0, 6, 1, 1, 8, 1, 0, 0, 0, 0, 9, 0, 0, 0, 0, 6, 0, 0, 0, 0, 5, 0, 0, 1, 5, 0, 6, 0, 9, 0, 3, 5, 9, 0, 0, 0, 7, 9, 9, 0, 3, 0, 5, 0, 0, 4, 0, 1, 8, 8, 0, 0, 0, 0, 1, 9, 0, 0, 3, 8, 0, 2, 0, 0, 0, 0, 0, 8, 0, 5, 0, 0, 9, 0, 0, 0, 3, 6, 0, 1, 1, 7, 6, 1, 0, 0, 0, 0, 5, 0, 0] Class
[0.0] Prob
[0, 0, 0, 0, 1, 3, 0, 0, 0, 0, 0, 4, 0, 9, 1, 8, 0, 0, 0, 0, 0, 2, 0, 0, 7, 4, 2, 0, 0, 0, 4, 7, 0, 9, 0, 0, 5, 2, 0, 0, 0, 0, 0, 0, 7, 0, 0, 6, 9, 0, 0, 0, 2, 1, 0, 8, 0, 0, 0, 5, 6, 0, 1, 3, 0, 0, 0, 0, 0, 0, 8, 0, 0, 1, 1, 4, 0, 9, 0, 0, 0, 0, 1, 0, 0, 0, 6, 0, 4, 9, 5, 0, 2, 6, 0, 0, 3, 0, 0, 0, 0, 1, 0, 9, 1, 3, 0, 1, 6, 7, 0, 6, 5, 3, 4, 1, 0, 4, 6, 2, 8, 9, 2, 5, 0, 0, 2, 0, 0, 0, 0, 5, 0, 9, 0, 0, 0, 0, 8, 0, 0, 2, 0, 6, 0, 6, 0, 0, 0, 1, 3, 0, 0, 0, 0, 8, 4, 0, 0, 0, 6, 1, 0, 6, 3, 7, 6, 0, 9, 0, 0, 0, 0, 1, 9, 0, 0, 3, 0, 8, 0, 0, 0, 0, 4, 0, 7, 5, 0, 3, 0, 0, 8, 0, 0, 0, 1, 1, 3, 0, 5, 0, 0, 5, 0, 0, 0, 9, 0, 0, 0, 4, 0, 0, 9, 7, 0, 0, 0, 6, 0, 0, 9, 1, 0, 0, 0, 0, 1, 8, 0, 0, 1, 0, 6, 5, 0, 7, 0, 0, 4, 4, 9, 0, 0, 9, 2, 4, 6, 4, 1, 7, 8, 8, 0, 0] Class
[0.0] Prob
[0, 0, 0, 8, 9, 6, 0, 9, 9, 4, 0, 4, 0, 0, 0, 0, 4, 9, 3, 5, 7, 0, 0, 0, 6, 7, 0, 0, 0, 0, 0, 0, 5, 0, 6, 9, 0, 0, 6, 0, 8, 0, 6, 0, 5, 6, 3, 8, 8, 9, 0, 0, 8, 9, 7, 8, 4, 0, 3, 2, 9, 7, 0, 0, 0, 0, 6, 0, 0, 0, 6, 0, 0, 0, 7, 8, 0, 1, 0, 9, 0, 6, 1, 0, 9, 8, 6, 6, 0, 0, 6, 0, 0, 0, 0, 0, 0, 0, 0, 6, 4, 0, 6, 0, 0, 0, 1, 0, 0, 3, 0, 0, 0, 1, 0, 6, 2, 0, 0, 0, 8, 8, 6, 8, 0, 7, 2, 0, 9, 0, 0, 0, 0, 0, 0, 7, 0, 0, 1, 0, 0, 0, 0, 9, 0, 0, 9, 0, 8, 0, 2, 0, 0, 6, 7, 1, 0, 0, 0, 0, 9, 0, 2, 5, 8, 0, 0, 1, 0, 6, 0, 0, 4, 0, 0, 0, 0, 0, 8, 5, 0, 8, 0, 0, 0, 0, 0, 0, 0, 1, 0, 9, 0, 0, 9, 2, 0, 0, 1, 0, 6, 6, 1, 0, 6, 0, 4, 0, 6, 0, 3, 9, 0, 8, 5, 1, 0, 1, 0, 0, 0, 0, 3, 5, 9, 6, 0, 0, 1, 1, 0, 0, 1, 4, 6, 0, 0, 1, 0, 0, 1, 0, 0, 0, 0, 0, 4, 0, 6, 0, 0, 9, 6, 6, 7, 4] Class
[0.35278335213661194] Prob
[4, 6, 8, 0, 9, 0, 0, 1, 0, 6, 6, 0, 0, 0, 0, 0, 8, 0, 3, 0, 0, 0, 3, 1, 0, 0, 0, 7, 8, 1, 6, 0, 9, 0, 0, 0, 0, 8, 2, 1, 9, 0, 0, 0, 0, 0, 8, 0, 0, 1, 0, 4, 0, 0, 2, 0, 0, 0, 4, 0, 0, 6, 2, 0, 0, 0, 0, 0, 3, 6, 0, 0, 1, 0, 6, 8, 8, 0, 1, 0, 8, 0, 0, 0, 0, 8, 6, 0, 0, 3, 4, 0, 0, 4, 0, 9, 0, 0, 0, 0, 0, 6, 0, 0, 0, 0, 0, 6, 1, 0, 6, 0, 5, 0, 0, 6, 0, 0, 4, 0, 3, 1, 9, 0, 0, 5, 9, 0, 7, 0, 2, 0, 8, 8, 3, 0, 0, 8, 6, 8, 5, 3, 6, 6, 0, 0, 0, 0, 7, 0, 0, 0, 9, 0, 4, 0, 0, 0, 0, 0, 0, 9, 8, 0, 0, 1, 7, 6, 6, 0, 9, 1, 4, 8, 5, 0, 8, 2, 0, 4, 0, 6, 3, 2, 0, 0, 0, 6, 0, 4, 0, 3, 0, 0, 0, 0, 2, 0, 0, 0, 8, 0, 0, 0, 0, 0, 6, 0, 0, 0, 0, 2, 9, 0, 0, 0, 7, 0, 1, 4, 0, 0, 0, 0, 0, 0, 0, 0, 0, 7, 2, 8, 7, 0, 0, 0, 8, 5, 0, 0, 4, 0, 9, 5, 9, 0, 0, 0, 0, 0, 6, 0, 9, 4, 1, 0] Class
[0.9543800950050354] Prob
[1, 0, 0, 1, 0, 0, 0, 5, 0, 0, 7, 0, 8, 0, 6, 0, 6, 6, 1, 7, 0, 0, 9, 0, 9, 0, 0, 0, 0, 0, 9, 0, 0, 0, 6, 8, 6, 0, 2, 0, 0, 4, 1, 6, 0, 6, 0, 0, 0, 4, 1, 0, 7, 1, 8, 0, 8, 0, 6, 5, 0, 0, 3, 0, 5, 3, 0, 0, 0, 0, 0, 0, 0, 0, 0, 0, 1, 0, 9, 6, 0, 4, 9, 4, 0, 0, 0, 0, 6, 0, 0, 1, 1, 1, 0, 2, 7, 6, 0, 0, 7, 0, 0, 0, 7, 8, 0, 3, 0, 1, 0, 3, 0, 3, 0, 0, 0, 6, 9, 8, 1, 0, 9, 0, 0, 0, 8, 0, 0, 0, 0, 0, 0, 3, 9, 9, 0, 1, 0, 6, 0, 0, 7, 6, 0, 1, 0, 0, 0, 0, 4, 5, 0, 4, 1, 0, 9, 1, 8, 0, 0, 0, 3, 0, 1, 0, 0, 8, 0, 0, 0, 9, 6, 0, 0, 1, 9, 8, 0, 0, 0, 0, 8, 8, 4, 0, 0, 0, 5, 0, 0, 8, 8, 8, 1, 0, 0, 0, 0, 0, 0, 2, 0, 9, 0, 0, 0, 0, 0, 1, 0, 0, 0, 0, 0, 6, 1, 0, 3, 1, 6, 0, 6, 8, 8, 2, 3, 9, 2, 1, 0, 0, 0, 9, 0, 8, 9, 4, 0, 0, 0, 9, 0, 0, 7, 6, 0, 0, 0, 0, 1, 0, 0, 0, 0, 4] Class
[0.7372146248817444] Prob
[0, 0, 8, 0, 0, 0, 0, 0, 0, 5, 0, 8, 0, 0, 4, 0, 9, 0, 0, 0, 0, 9, 4, 0, 0, 9, 0, 9, 0, 0, 0, 8, 0, 0, 1, 1, 5, 9, 1, 0, 9, 0, 0, 1, 1, 8, 0, 5, 4, 5, 0, 5, 8, 0, 4, 0, 4, 0, 8, 0, 0, 3, 0, 6, 0, 0, 9, 0, 0, 0, 0, 0, 0, 0, 0, 0, 0, 3, 0, 0, 0, 0, 5, 1, 0, 6, 7, 4, 6, 0, 6, 0, 0, 0, 0, 1, 6, 0, 0, 0, 6, 3, 0, 0, 0, 9, 0, 0, 8, 6, 0, 5, 0, 0, 9, 5, 4, 4, 0, 0, 0, 3, 0, 0, 5, 2, 7, 0, 4, 9, 0, 0, 0, 8, 9, 0, 0, 9, 9, 5, 8, 0, 2, 0, 0, 4, 0, 0, 0, 0, 0, 2, 6, 0, 0, 0, 7, 5, 6, 0, 6, 8, 2, 0, 0, 0, 2, 4, 0, 6, 0, 0, 1, 3, 3, 0, 0, 4, 6, 0, 0, 6, 0, 0, 0, 0, 0, 2, 0, 0, 1, 8, 0, 1, 6, 0, 0, 1, 0, 0, 4, 5, 6, 0, 0, 2, 1, 0, 7, 2, 0, 0, 0, 6, 6, 6, 0, 0, 0, 4, 0, 0, 0, 9, 9, 8, 4, 4, 0, 4, 0, 0, 0, 1, 1, 0, 0, 0, 1, 1, 1, 7, 9, 8, 0, 8, 0, 0, 9, 0, 5, 0, 0, 0, 0, 0] Class
[0.8133527040481567] Prob
[0, 0, 0, 0, 0, 2, 9, 9, 0, 1, 0, 1, 0, 0, 0, 8, 9, 4, 6, 4, 5, 0, 5, 4, 0, 0, 0, 0, 0, 2, 3, 0, 0, 5, 7, 0, 0, 6, 0, 5, 0, 1, 0, 0, 0, 1, 0, 0, 0, 7, 0, 0, 8, 0, 0, 9, 7, 0, 0, 9, 1, 6, 1, 0, 0, 0, 8, 0, 0, 6, 9, 0, 0, 8, 0, 6, 3, 0, 0, 0, 0, 8, 0, 0, 4, 7, 0, 0, 0, 1, 7, 0, 9, 3, 8, 0, 0, 6, 0, 0, 0, 1, 0, 1, 6, 0, 4, 0, 1, 4, 6, 0, 4, 9, 8, 9, 4, 6, 5, 6, 8, 0, 8, 0, 0, 0, 6, 6, 0, 0, 7, 0, 1, 0, 0, 5, 0, 2, 0, 0, 0, 0, 0, 1, 9, 1, 8, 0, 0, 7, 0, 5, 0, 0, 8, 8, 0, 0, 0, 0, 8, 5, 6, 1, 0, 0, 0, 0, 0, 1, 0, 0, 5, 9, 0, 0, 9, 1, 0, 0, 8, 9, 0, 0, 0, 0, 0, 1, 0, 6, 0, 1, 0, 0, 0, 4, 0, 0, 0, 8, 0, 2, 0, 0, 5, 0, 0, 2, 9, 6, 8, 0, 0, 1, 0, 2, 3, 0, 0, 1, 0, 0, 0, 0, 3, 0, 0, 7, 0, 2, 0, 0, 5, 1, 0, 0, 5, 1, 0, 6, 6, 9, 9, 6, 1, 0, 6, 9, 0, 0, 5, 0, 6, 0, 9, 9] Class
[0.6708362698554993] Prob
[7, 0, 9, 0, 0, 6, 7, 0, 0, 0, 7, 0, 0, 0, 7, 0, 6, 6, 0, 1, 0, 6, 0, 8, 9, 0, 0, 0, 7, 0, 0, 0, 0, 0, 0, 0, 0, 1, 6, 1, 7, 0, 6, 0, 0, 0, 0, 0, 1, 5, 8, 8, 0, 3, 0, 9, 1, 0, 0, 5, 2, 0, 0, 0, 1, 0, 0, 3, 3, 0, 5, 4, 6, 2, 0, 7, 0, 6, 0, 8, 0, 0, 0, 7, 0, 1, 7, 0, 0, 0, 0, 9, 4, 4, 1, 0, 0, 0, 6, 0, 6, 0, 1, 0, 2, 1, 0, 0, 9, 5, 9, 7, 0, 0, 6, 0, 0, 0, 0, 0, 0, 0, 5, 0, 1, 0, 0, 9, 1, 5, 4, 0, 0, 0, 7, 0, 6, 4, 9, 4, 6, 8, 0, 9, 0, 0, 0, 6, 0, 0, 0, 0, 0, 0, 2, 0, 6, 4, 6, 0, 6, 9, 0, 0, 0, 0, 0, 0, 0, 9, 0, 5, 3, 0, 3, 6, 9, 0, 7, 9, 9, 7, 0, 0, 5, 0, 4, 0, 3, 9, 0, 1, 0, 8, 6, 6, 0, 1, 9, 0, 1, 1, 5, 0, 0, 4, 4, 9, 1, 0, 0, 0, 0, 0, 0, 0, 0, 4, 0, 0, 2, 8, 1, 8, 0, 7, 4, 0, 0, 0, 0, 0, 0, 0, 0, 1, 8, 1, 0, 3, 5, 1, 0, 5, 0, 0, 0, 0, 0, 0, 0, 9, 0, 9, 0, 8] Class
[0.39372140169143677] Prob
[0, 0, 8, 0, 0, 6, 5, 7, 0, 0, 7, 2, 9, 6, 0, 0, 8, 0, 0, 8, 7, 0, 0, 4, 0, 0, 5, 4, 0, 0, 0, 4, 6, 0, 0, 7, 1, 8, 8, 9, 0, 6, 5, 0, 8, 0, 2, 0, 0, 0, 0, 0, 2, 0, 0, 0, 6, 9, 4, 4, 0, 0, 8, 0, 6, 0, 5, 0, 0, 0, 8, 1, 0, 0, 3, 0, 6, 3, 9, 7, 5, 0, 0, 0, 0, 0, 1, 0, 9, 0, 1, 1, 7, 0, 0, 1, 0, 2, 0, 0, 8, 0, 2, 1, 0, 8, 3, 6, 0, 6, 6, 0, 6, 6, 0, 7, 0, 0, 0, 3, 5, 8, 1, 0, 0, 3, 0, 0, 8, 0, 0, 0, 0, 0, 5, 0, 0, 0, 0, 0, 0, 0, 7, 1, 0, 8, 8, 8, 3, 0, 0, 6, 0, 0, 4, 7, 0, 0, 5, 5, 0, 9, 3, 0, 9, 0, 0, 0, 7, 0, 6, 0, 4, 1, 0, 9, 3, 0, 6, 4, 0, 0, 0, 0, 0, 0, 0, 0, 9, 0, 0, 0, 0, 4, 6, 0, 0, 0, 0, 7, 1, 0, 3, 9, 0, 7, 9, 0, 7, 1, 0, 7, 1, 0, 9, 0, 2, 1, 0, 1, 0, 0, 8, 0, 0, 0, 0, 3, 0, 1, 0, 9, 0, 5, 6, 1, 9, 0, 9, 4, 4, 6, 0, 0, 1, 0, 0, 9, 8, 0, 0, 0, 9, 4, 4, 0] Class
[0.0] Prob
[9, 9, 0, 7, 0, 5, 3, 0, 0, 0, 6, 0, 0, 1, 0, 0, 1, 5, 3, 0, 1, 0, 0, 0, 0, 0, 0, 0, 0, 0, 0, 7, 0, 6, 0, 0, 0, 7, 7, 0, 3, 0, 0, 0, 0, 0, 6, 6, 1, 0, 0, 1, 3, 8, 0, 0, 9, 1, 0, 0, 7, 1, 2, 6, 0, 0, 9, 8, 0, 0, 1, 0, 0, 5, 8, 1, 9, 7, 0, 0, 0, 4, 0, 0, 0, 0, 1, 0, 0, 0, 4, 8, 4, 8, 0, 0, 1, 0, 1, 6, 6, 0, 7, 9, 0, 0, 9, 0, 7, 8, 0, 0, 3, 5, 0, 9, 0, 0, 0, 0, 7, 0, 0, 0, 0, 0, 0, 5, 0, 0, 6, 0, 0, 6, 0, 8, 6, 6, 0, 0, 0, 1, 0, 0, 0, 0, 0, 6, 0, 2, 3, 1, 0, 0, 8, 7, 0, 0, 9, 0, 3, 0, 3, 0, 0, 4, 0, 0, 0, 0, 1, 8, 8, 8, 0, 0, 8, 0, 1, 8, 0, 1, 0, 0, 0, 0, 4, 0, 3, 4, 0, 0, 0, 5, 3, 0, 9, 5, 0, 6, 0, 8, 0, 8, 9, 0, 6, 0, 6, 0, 3, 0, 0, 0, 0, 6, 0, 0, 2, 8, 6, 0, 0, 4, 9, 0, 8, 1, 9, 5, 9, 8, 0, 0, 0, 0, 0, 0, 0, 4, 0, 0, 6, 8, 0, 6, 8, 0, 9, 9, 0, 0, 9, 0, 0, 9] Class
[0.0] Prob
[0, 0, 1, 0, 0, 0, 9, 8, 0, 8, 0, 0, 9, 0, 1, 3, 1, 5, 9, 8, 5, 1, 9, 0, 0, 8, 0, 0, 0, 8, 0, 0, 1, 0, 0, 4, 6, 8, 5, 5, 0, 9, 0, 9, 9, 0, 0, 2, 1, 1, 6, 4, 5, 0, 1, 0, 0, 8, 0, 0, 0, 1, 0, 0, 0, 0, 0, 6, 0, 0, 0, 1, 8, 0, 2, 0, 0, 0, 9, 4, 3, 0, 1, 0, 1, 4, 4, 6, 4, 0, 6, 0, 6, 0, 9, 0, 0, 0, 0, 0, 0, 6, 8, 4, 1, 9, 0, 3, 0, 6, 6, 6, 0, 0, 2, 6, 4, 7, 2, 6, 0, 0, 9, 0, 0, 0, 0, 8, 8, 3, 0, 0, 0, 0, 0, 0, 3, 8, 6, 1, 0, 0, 0, 7, 9, 0, 0, 1, 0, 1, 0, 0, 3, 0, 0, 3, 3, 0, 0, 5, 9, 0, 6, 8, 0, 0, 8, 0, 0, 0, 0, 0, 9, 0, 0, 3, 0, 9, 9, 0, 0, 0, 1, 0, 5, 0, 5, 8, 5, 0, 3, 0, 0, 1, 3, 4, 0, 0, 0, 1, 0, 0, 0, 1, 0, 0, 0, 0, 1, 6, 9, 2, 1, 0, 0, 0, 6, 0, 1, 0, 0, 0, 8, 0, 1, 0, 0, 0, 0, 1, 0, 0, 5, 6, 5, 4, 2, 6, 5, 1, 0, 6, 0, 8, 0, 6, 6, 6, 0, 0, 9, 6, 6, 0, 0, 0] Class
[0.0] Prob
[6, 0, 0, 6, 0, 0, 0, 0, 0, 0, 0, 0, 1, 0, 0, 0, 3, 0, 0, 4, 0, 0, 0, 7, 1, 0, 9, 0, 8, 8, 6, 9, 9, 4, 5, 1, 9, 0, 6, 6, 0, 6, 2, 0, 0, 9, 6, 1, 1, 8, 5, 0, 9, 9, 0, 3, 0, 0, 0, 0, 6, 0, 0, 7, 0, 0, 0, 0, 9, 0, 8, 6, 0, 1, 0, 0, 7, 0, 0, 0, 4, 0, 0, 1, 3, 0, 6, 0, 9, 0, 6, 2, 6, 6, 7, 0, 8, 9, 7, 0, 0, 9, 6, 6, 0, 8, 0, 0, 0, 9, 0, 2, 0, 0, 5, 1, 4, 0, 3, 2, 5, 0, 0, 3, 3, 0, 6, 0, 1, 9, 9, 8, 1, 0, 6, 0, 4, 6, 0, 1, 4, 9, 0, 0, 0, 0, 4, 9, 0, 4, 6, 9, 3, 1, 8, 3, 1, 9, 0, 8, 0, 0, 4, 0, 0, 0, 0, 0, 0, 0, 4, 1, 6, 6, 0, 0, 0, 0, 7, 0, 1, 0, 0, 0, 0, 2, 1, 1, 0, 0, 1, 1, 0, 0, 1, 0, 0, 6, 0, 6, 0, 9, 5, 9, 8, 0, 9, 8, 0, 9, 0, 0, 5, 0, 1, 6, 4, 1, 2, 6, 0, 0, 0, 0, 5, 0, 8, 0, 0, 0, 0, 0, 0, 0, 5, 6, 4, 1, 0, 0, 0, 0, 4, 0, 0, 0, 0, 0, 1, 0, 1, 0, 9, 0, 8, 0] Class
[0.0] Prob
[0, 3, 0, 3, 0, 6, 0, 0, 9, 6, 0, 0, 6, 6, 0, 9, 6, 8, 0, 6, 0, 0, 0, 0, 0, 6, 9, 1, 0, 0, 8, 0, 0, 5, 0, 8, 5, 9, 0, 6, 1, 5, 0, 0, 2, 0, 0, 1, 4, 0, 0, 9, 0, 3, 6, 2, 9, 6, 0, 0, 0, 0, 0, 0, 0, 0, 1, 0, 0, 3, 0, 9, 3, 0, 0, 9, 6, 6, 9, 0, 0, 0, 0, 0, 0, 0, 0, 0, 8, 0, 4, 0, 0, 0, 4, 0, 0, 4, 0, 0, 9, 1, 4, 6, 7, 0, 9, 0, 0, 0, 8, 0, 7, 0, 8, 0, 1, 0, 0, 1, 0, 7, 8, 0, 0, 4, 0, 0, 1, 6, 6, 4, 0, 2, 0, 0, 9, 3, 5, 0, 6, 0, 9, 0, 2, 0, 0, 0, 0, 0, 0, 4, 9, 0, 0, 6, 0, 9, 0, 1, 0, 5, 0, 0, 9, 0, 6, 5, 0, 2, 7, 0, 0, 0, 6, 0, 6, 0, 7, 0, 0, 0, 0, 0, 8, 0, 8, 0, 6, 0, 0, 0, 0, 0, 0, 0, 0, 9, 0, 0, 0, 0, 1, 0, 8, 0, 4, 3, 1, 3, 0, 0, 0, 1, 3, 5, 0, 7, 0, 2, 0, 9, 5, 0, 7, 9, 0, 1, 0, 0, 0, 0, 1, 0, 6, 9, 0, 0, 0, 0, 0, 6, 0, 0, 5, 7, 0, 0, 0, 0, 0, 0, 0, 0, 0, 0] Class
[0.962257444858551] Prob
[5, 0, 1, 0, 0, 0, 2, 7, 0, 0, 9, 0, 0, 0, 9, 0, 3, 0, 8, 1, 0, 0, 0, 9, 9, 1, 0, 8, 0, 5, 0, 0, 9, 0, 6, 9, 4, 7, 0, 7, 1, 0, 0, 6, 0, 9, 0, 0, 0, 0, 4, 3, 0, 8, 0, 5, 0, 1, 0, 0, 0, 3, 9, 0, 0, 7, 7, 7, 9, 1, 1, 7, 0, 0, 0, 0, 6, 0, 6, 8, 1, 0, 0, 0, 8, 0, 0, 9, 0, 0, 0, 6, 0, 1, 1, 0, 7, 0, 7, 0, 0, 3, 0, 0, 0, 1, 8, 0, 0, 0, 0, 0, 0, 0, 6, 7, 0, 9, 0, 1, 2, 0, 7, 6, 0, 1, 8, 9, 9, 0, 4, 9, 0, 9, 0, 5] Class
[0.6241990327835083] Prob
Traceback (most recent call last):
  File "main.py", line 443, in <module>
    main()
  File "main.py", line 147, in main
    save_final_probabilities(conf)
  File "main.py", line 323, in save_final_probabilities
    print(conf[2][exit][prob],"Class")
IndexError: list index out of range
