Using base prefix '/cvmfs/soft.computecanada.ca/easybuild/software/2017/Core/python/3.6.3'
New python executable in /localscratch/shiva23.22686468.0/env/bin/python
Installing setuptools, pip, wheel...done.
Ignoring pip: markers 'python_version < "3"' don't match your environment
Collecting torch
Collecting torchvision
Collecting numpy (from torch)
Collecting pillow>=4.1.1 (from torchvision)
Collecting six (from torchvision)
Installing collected packages: numpy, torch, pillow, six, torchvision
Successfully installed numpy-1.17.4 pillow-6.2.1 six-1.13.0 torch-1.3.1 torchvision-0.4.0
building network of steps: 
[1, 2, 3, 4, 5] 15
 ********************** Block 1  **********************
|		inScales 3 outScales 3 inChannels 16 outChannels 6		|

 ********************** Block 2  **********************
|		inScales 3 outScales 3 inChannels 22 outChannels 6		|

|		inScales 3 outScales 3 inChannels 28 outChannels 6		|

 ********************** Block 3  **********************
|		inScales 3 outScales 3 inChannels 34 outChannels 6		|

|		inScales 3 outScales 3 inChannels 40 outChannels 6		|

|		inScales 3 outScales 2 inChannels 46 outChannels 6		|
|		Transition layer inserted! (max), inChannels 52, outChannels 26	|

 ********************** Block 4  **********************
|		inScales 2 outScales 2 inChannels 26 outChannels 6		|

|		inScales 2 outScales 2 inChannels 32 outChannels 6		|

|		inScales 2 outScales 2 inChannels 38 outChannels 6		|

|		inScales 2 outScales 2 inChannels 44 outChannels 6		|

 ********************** Block 5  **********************
|		inScales 2 outScales 1 inChannels 50 outChannels 6		|
|		Transition layer inserted! (max), inChannels 56, outChannels 28	|

|		inScales 1 outScales 1 inChannels 28 outChannels 6		|

|		inScales 1 outScales 1 inChannels 34 outChannels 6		|

|		inScales 1 outScales 1 inChannels 40 outChannels 6		|

|		inScales 1 outScales 1 inChannels 46 outChannels 6		|

---------------------
FLOPs: 6.85M, Params: 0.29M
---------------------
FLOPs: 14.33M, Params: 0.63M
---------------------
FLOPs: 27.50M, Params: 0.98M
---------------------
FLOPs: 41.67M, Params: 1.45M
---------------------
FLOPs: 58.42M, Params: 2.02M
building network of steps: 
[1, 2, 3, 4, 5] 15
 ********************** Block 1  **********************
|		inScales 3 outScales 3 inChannels 16 outChannels 6		|

 ********************** Block 2  **********************
|		inScales 3 outScales 3 inChannels 22 outChannels 6		|

|		inScales 3 outScales 3 inChannels 28 outChannels 6		|

 ********************** Block 3  **********************
|		inScales 3 outScales 3 inChannels 34 outChannels 6		|

|		inScales 3 outScales 3 inChannels 40 outChannels 6		|

|		inScales 3 outScales 2 inChannels 46 outChannels 6		|
|		Transition layer inserted! (max), inChannels 52, outChannels 26	|

 ********************** Block 4  **********************
|		inScales 2 outScales 2 inChannels 26 outChannels 6		|

|		inScales 2 outScales 2 inChannels 32 outChannels 6		|

|		inScales 2 outScales 2 inChannels 38 outChannels 6		|

|		inScales 2 outScales 2 inChannels 44 outChannels 6		|

 ********************** Block 5  **********************
|		inScales 2 outScales 1 inChannels 50 outChannels 6		|
|		Transition layer inserted! (max), inChannels 56, outChannels 28	|

|		inScales 1 outScales 1 inChannels 28 outChannels 6		|

|		inScales 1 outScales 1 inChannels 34 outChannels 6		|

|		inScales 1 outScales 1 inChannels 40 outChannels 6		|

|		inScales 1 outScales 1 inChannels 46 outChannels 6		|

Files already downloaded and verified
Files already downloaded and verified
!!!!!! Load train_set_index !!!!!!
 exit 0 prec@1 52.040 
 exit 0 prec@1 conf correct 0.608 prec@1 conf wrong 0.428
 exit 1 prec@1 53.680 
 exit 1 prec@1 conf correct 0.636 prec@1 conf wrong 0.441
 exit 2 prec@1 54.320 
 exit 2 prec@1 conf correct 0.636 prec@1 conf wrong 0.435
 exit 3 prec@1 52.900 
 exit 3 prec@1 conf correct 0.695 prec@1 conf wrong 0.483
 exit 4 prec@1 50.560 
 exit 4 prec@1 conf correct 0.696 prec@1 conf wrong 0.498
[52.03999995727539, 53.679999963378904, 54.319999981689456, 52.89999995117188, 50.56000001831055]
Best var_prec1 50.56000001831055
Namespace(arch='msdnet', base=1, batch_size=256, bnFactor=[1, 2, 4], bottleneck=True, data='cifar10', data_root='data', decay_rate=0.1, epochs=1, evalmode=None, evaluate_from=None, gpu=None, grFactor=[1, 2, 4], growthRate=6, lr=0.1, lr_type='multistep', momentum=0.9, nBlocks=5, nChannels=16, nScales=3, num_classes=10, optimizer='sgd', print_freq=10, prune='max', reduction=0.5, resume=False, save='.', seed=0, splits=['train', 'val', 'test'], start_epoch=0, step=1, stepmode='lin_grow', use_valid=True, weight_decay=0.0001, workers=16)
=> saving checkpoint './save_models/checkpoint_000.pth.tar'
=> saved checkpoint './save_models/checkpoint_000.pth.tar'
Epoch : 0  of  1 

Best val_prec1: 50.5600 at epoch 0
********** Final prediction results **********
 exit 0 prec@1 54.340 
 exit 0 prec@1 conf correct 0.649 prec@1 conf wrong 0.458
 exit 1 prec@1 55.740 
 exit 1 prec@1 conf correct 0.675 prec@1 conf wrong 0.468
 exit 2 prec@1 56.640 
 exit 2 prec@1 conf correct 0.675 prec@1 conf wrong 0.464
 exit 3 prec@1 54.560 
 exit 3 prec@1 conf correct 0.726 prec@1 conf wrong 0.517
 exit 4 prec@1 52.010 
 exit 4 prec@1 conf correct 0.721 prec@1 conf wrong 0.531
[54.34, 55.74, 56.64, 54.56, 52.01]
5 conf 0 size
[0.44382351636886597] Here.....
[0.535048246383667] Here.....
[0.41116589307785034] Here.....
[0.0] Here.....
[0.0] Here.....
[0.44347742199897766] Here.....
[0.0] Here.....
[0.47488081455230713] Here.....
[0.0] Here.....
[0.42774149775505066] Here.....
[0.8805434107780457] Here.....
[0.6455028057098389] Here.....
[0.8306460976600647] Here.....
[0.7730775475502014] Here.....
[0.0] Here.....
[0.0] Here.....
[0.0] Here.....
[0.0] Here.....
[0.0] Here.....
[0.0] Here.....
[0.7405317425727844] Here.....
Traceback (most recent call last):
  File "main.py", line 433, in <module>
    main()
  File "main.py", line 147, in main
    save_final_probabilities(conf)
  File "main.py", line 315, in save_final_probabilities
    confidence_c.append(('\t{}\t{}').format(exit,conf[2][exit][prob],))
IndexError: list index out of range
