Using base prefix '/cvmfs/soft.computecanada.ca/easybuild/software/2017/Core/python/3.6.3'
New python executable in /localscratch/shiva23.22686600.0/env/bin/python
Installing setuptools, pip, wheel...done.
Ignoring pip: markers 'python_version < "3"' don't match your environment
Collecting torch
Collecting torchvision
Collecting numpy (from torch)
Collecting pillow>=4.1.1 (from torchvision)
Collecting six (from torchvision)
Installing collected packages: numpy, torch, pillow, six, torchvision
Successfully installed numpy-1.17.4 pillow-6.2.1 six-1.13.0 torch-1.3.1 torchvision-0.4.0
building network of steps: 
[1, 2, 3, 4, 5] 15
 ********************** Block 1  **********************
|		inScales 3 outScales 3 inChannels 16 outChannels 6		|

 ********************** Block 2  **********************
|		inScales 3 outScales 3 inChannels 22 outChannels 6		|

|		inScales 3 outScales 3 inChannels 28 outChannels 6		|

 ********************** Block 3  **********************
|		inScales 3 outScales 3 inChannels 34 outChannels 6		|

|		inScales 3 outScales 3 inChannels 40 outChannels 6		|

|		inScales 3 outScales 2 inChannels 46 outChannels 6		|
|		Transition layer inserted! (max), inChannels 52, outChannels 26	|

 ********************** Block 4  **********************
|		inScales 2 outScales 2 inChannels 26 outChannels 6		|

|		inScales 2 outScales 2 inChannels 32 outChannels 6		|

|		inScales 2 outScales 2 inChannels 38 outChannels 6		|

|		inScales 2 outScales 2 inChannels 44 outChannels 6		|

 ********************** Block 5  **********************
|		inScales 2 outScales 1 inChannels 50 outChannels 6		|
|		Transition layer inserted! (max), inChannels 56, outChannels 28	|

|		inScales 1 outScales 1 inChannels 28 outChannels 6		|

|		inScales 1 outScales 1 inChannels 34 outChannels 6		|

|		inScales 1 outScales 1 inChannels 40 outChannels 6		|

|		inScales 1 outScales 1 inChannels 46 outChannels 6		|

---------------------
FLOPs: 6.85M, Params: 0.29M
---------------------
FLOPs: 14.33M, Params: 0.63M
---------------------
FLOPs: 27.50M, Params: 0.98M
---------------------
FLOPs: 41.67M, Params: 1.45M
---------------------
FLOPs: 58.42M, Params: 2.02M
building network of steps: 
[1, 2, 3, 4, 5] 15
 ********************** Block 1  **********************
|		inScales 3 outScales 3 inChannels 16 outChannels 6		|

 ********************** Block 2  **********************
|		inScales 3 outScales 3 inChannels 22 outChannels 6		|

|		inScales 3 outScales 3 inChannels 28 outChannels 6		|

 ********************** Block 3  **********************
|		inScales 3 outScales 3 inChannels 34 outChannels 6		|

|		inScales 3 outScales 3 inChannels 40 outChannels 6		|

|		inScales 3 outScales 2 inChannels 46 outChannels 6		|
|		Transition layer inserted! (max), inChannels 52, outChannels 26	|

 ********************** Block 4  **********************
|		inScales 2 outScales 2 inChannels 26 outChannels 6		|

|		inScales 2 outScales 2 inChannels 32 outChannels 6		|

|		inScales 2 outScales 2 inChannels 38 outChannels 6		|

|		inScales 2 outScales 2 inChannels 44 outChannels 6		|

 ********************** Block 5  **********************
|		inScales 2 outScales 1 inChannels 50 outChannels 6		|
|		Transition layer inserted! (max), inChannels 56, outChannels 28	|

|		inScales 1 outScales 1 inChannels 28 outChannels 6		|

|		inScales 1 outScales 1 inChannels 34 outChannels 6		|

|		inScales 1 outScales 1 inChannels 40 outChannels 6		|

|		inScales 1 outScales 1 inChannels 46 outChannels 6		|

Files already downloaded and verified
Files already downloaded and verified
!!!!!! Load train_set_index !!!!!!
 exit 0 prec@1 48.400 
 exit 0 prec@1 conf correct 0.583 prec@1 conf wrong 0.411
 exit 1 prec@1 48.940 
 exit 1 prec@1 conf correct 0.654 prec@1 conf wrong 0.464
 exit 2 prec@1 49.200 
 exit 2 prec@1 conf correct 0.690 prec@1 conf wrong 0.487
 exit 3 prec@1 47.780 
 exit 3 prec@1 conf correct 0.708 prec@1 conf wrong 0.522
 exit 4 prec@1 44.740 
 exit 4 prec@1 conf correct 0.688 prec@1 conf wrong 0.514
[48.40000001831055, 48.939999938964846, 49.19999993286133, 47.77999998168945, 44.73999993896484]
Best var_prec1 44.73999993896484
Namespace(arch='msdnet', base=1, batch_size=256, bnFactor=[1, 2, 4], bottleneck=True, data='cifar10', data_root='data', decay_rate=0.1, epochs=1, evalmode=None, evaluate_from=None, gpu=None, grFactor=[1, 2, 4], growthRate=6, lr=0.1, lr_type='multistep', momentum=0.9, nBlocks=5, nChannels=16, nScales=3, num_classes=10, optimizer='sgd', print_freq=10, prune='max', reduction=0.5, resume=False, save='.', seed=0, splits=['train', 'val', 'test'], start_epoch=0, step=1, stepmode='lin_grow', use_valid=True, weight_decay=0.0001, workers=16)
=> saving checkpoint './save_models/checkpoint_000.pth.tar'
=> saved checkpoint './save_models/checkpoint_000.pth.tar'
Epoch : 0  of  1 

Best val_prec1: 44.7400 at epoch 0
********** Final prediction results **********
 exit 0 prec@1 51.420 
 exit 0 prec@1 conf correct 0.625 prec@1 conf wrong 0.446
 exit 1 prec@1 50.760 
 exit 1 prec@1 conf correct 0.696 prec@1 conf wrong 0.502
 exit 2 prec@1 50.660 
 exit 2 prec@1 conf correct 0.726 prec@1 conf wrong 0.519
 exit 3 prec@1 47.010 
 exit 3 prec@1 conf correct 0.742 prec@1 conf wrong 0.558
 exit 4 prec@1 43.020 
 exit 4 prec@1 conf correct 0.733 prec@1 conf wrong 0.558
[51.42, 50.76, 50.66, 47.01, 43.02]
5 conf 0 size
0.0 Here.....
0.26423412561416626 Here.....
0.3751230537891388 Here.....
0.0 Here.....
0.2750895023345947 Here.....
0.0 Here.....
0.0 Here.....
0.3596283495426178 Here.....
0.0 Here.....
0.0 Here.....
0.8439273834228516 Here.....
0.6393951773643494 Here.....
0.6338087320327759 Here.....
0.7333617210388184 Here.....
0.29091769456863403 Here.....
0.0 Here.....
0.0 Here.....
0.0 Here.....
0.0 Here.....
0.0 Here.....
0.49918124079704285 Here.....
Traceback (most recent call last):
  File "main.py", line 433, in <module>
    main()
  File "main.py", line 147, in main
    save_final_probabilities(conf)
  File "main.py", line 315, in save_final_probabilities
    confidence_c.append(('\t{}\t{}').format(exit,conf[2][exit][prob],))
IndexError: list index out of range
